2023-04-03 10:42:30 -  - exec CUpdateClientPartner::__CollectRequestData
2023-04-03 10:42:30 -  - exec CUpdateClientPartner::GetHTTPPage
2023-04-03 10:42:30 -  - exec CUpdateClientPartner::ParseServerData
2023-04-03 10:42:30 -  - exec CUpdateClientPartner::GetUpdatesList
2023-04-03 10:42:30 -  - exec CUpdateClientPartner::__CollectRequestData
2023-04-03 10:42:30 -  - utf=Y&lang=ru&stable=Y&CANGZIP=Y&SUPD_DBS=MYSQL&XE=N&CLIENT_SITE=xxx00bcz.beget.tech&LICENSE_KEY=X&SUPD_STS=1&SUPD_URS=0&SUPD_URSA=1&TYPENC=D&CLIENT_PHPVER=7.2.34&NGINX=Y&dbv=5.7.21&instm=main%2C20.0.650%2CY%3Blearning%2C17.5.1%2CN%3Bhighloadblock%2C20.0.100%2CN%3Bbitrix.siteinfoportal%2C15.5.0%2CN%3Bfileman%2C18.5.700%2CN%3Bphotogallery%2C20.0.0%2CN%3Brest%2C20.0.150%2CN%3Bvote%2C20.0.100%2CN%3Bbitrix.sitecorporate%2C15.5.0%2CN%3Bblog%2C20.0.0%2CN%3Bwebservice%2C18.0.0%2CN%3Breport%2C19.0.200%2CN%3Bsupport%2C16.0.0%2CN%3Bsubscribe%2C20.0.0%2CN%3Bstatistic%2C18.5.0%2CN%3Bmail%2C20.0.450%2CN%3Blanding%2C20.2.0%2CN%3Bmobileapp%2C19.0.200%2CN%3Bwiki%2C20.0.0%2CN%3Biblock%2C20.0.350%2CN%3Bworkflow%2C18.5.0%2CN%3Bim%2C19.0.850%2CN%3Bcurrency%2C19.0.100%2CN%3Bform%2C18.0.0%2CN%3Badvertising%2C20.0.0%2CN%3Bcompression%2C19.0.0%2CN%3Bbizprocdesigner%2C19.0.200%2CN%3Bpull%2C19.0.300%2CN%3Bsocialnetwork%2C20.0.250%2CN%3Bcalendar%2C19.0.600%2CN%3Bbitrixcloud%2C20.0.0%2CN%3Bsecurity%2C19.0.0%2CN%3Bbitrix.sitecommunity%2C15.5.0%2CN%3Bbitrix.eshop%2C18.5.0%2CN%3Blists%2C20.0.0%2CN%3Bui%2C20.0.200%2CN%3Babtest%2C18.5.0%2CN%3Bconversion%2C18.5.1%2CN%3Bforum%2C20.0.100%2CN%3Bsocialservices%2C19.0.200%2CN%3Bb24connector%2C18.5.0%2CN%3Bcatalog%2C20.0.0%2CN%3Bclouds%2C20.0.0%2CN%3Bstoreassist%2C18.1.0%2CN%3Bsender%2C19.0.700%2CN%3Bmessageservice%2C20.0.0%2CN%3Bidea%2C17.5.1%2CN%3Bscale%2C17.5.0%2CN%3Bsearch%2C18.5.200%2CN%3Bperfmon%2C20.0.0%2CN%3Bseo%2C20.0.0%2CN%3Btranslate%2C19.0.100%2CN%3Bsale%2C20.0.275%2CN%3Bbizproc%2C20.0.200%2CN%3Bbitrix.sitepersonal%2C15.5.0%2CN&reqm=bitrix.siteinfoportal%2Cbitrix.sitecorporate%2Cbitrix.sitecommunity%2Cbitrix.eshop%2Cbitrix.sitepersonal&fullmoduleinfo=Y&SUPD_SRS=RU&SUPD_CMP=N
2023-04-03 10:42:30 -  - exec CUpdateClientPartner::GetHTTPPage
2023-04-03 10:42:30 -  - TIME GetUpdatesList(request) 0.262 sec
2023-04-03 10:42:30 -  - exec CUpdateClientPartner::ParseServerData
2023-04-03 10:42:30 -  - exec CUpdateClientPartner::__CollectRequestData
2023-04-03 10:42:30 -  - exec CUpdateClientPartner::GetHTTPPage
2023-04-03 10:42:31 -  - exec CUpdateClientPartner::ParseServerData
2023-04-03 12:29:01 -  - exec CUpdateClientPartner::GetUpdatesList
2023-04-03 12:29:01 -  - exec CUpdateClientPartner::__CollectRequestData
2023-04-03 12:29:01 -  - utf=Y&lang=ru&stable=Y&CANGZIP=Y&SUPD_DBS=MYSQL&XE=N&CLIENT_SITE=xxx00bcz.beget.tech&LICENSE_KEY=X&SUPD_STS=1&SUPD_URS=0&SUPD_URSA=1&TYPENC=D&CLIENT_PHPVER=7.2.34&NGINX=Y&dbv=5.7.21&instm=main%2C20.0.650%2CY%3Blearning%2C17.5.1%2CN%3Bhighloadblock%2C20.0.100%2CN%3Bbitrix.siteinfoportal%2C15.5.0%2CN%3Bfileman%2C18.5.700%2CN%3Bphotogallery%2C20.0.0%2CN%3Brest%2C20.0.150%2CN%3Bvote%2C20.0.100%2CN%3Bbitrix.sitecorporate%2C15.5.0%2CN%3Bblog%2C20.0.0%2CN%3Bwebservice%2C18.0.0%2CN%3Breport%2C19.0.200%2CN%3Bsupport%2C16.0.0%2CN%3Bsubscribe%2C20.0.0%2CN%3Bstatistic%2C18.5.0%2CN%3Bmail%2C20.0.450%2CN%3Blanding%2C20.2.0%2CN%3Bmobileapp%2C19.0.200%2CN%3Bwiki%2C20.0.0%2CN%3Biblock%2C20.0.350%2CN%3Bworkflow%2C18.5.0%2CN%3Bim%2C19.0.850%2CN%3Bcurrency%2C19.0.100%2CN%3Bform%2C18.0.0%2CN%3Badvertising%2C20.0.0%2CN%3Bcompression%2C19.0.0%2CN%3Bbizprocdesigner%2C19.0.200%2CN%3Bpull%2C19.0.300%2CN%3Bsocialnetwork%2C20.0.250%2CN%3Bcalendar%2C19.0.600%2CN%3Bbitrixcloud%2C20.0.0%2CN%3Bsecurity%2C19.0.0%2CN%3Bbitrix.sitecommunity%2C15.5.0%2CN%3Bbitrix.eshop%2C18.5.0%2CN%3Blists%2C20.0.0%2CN%3Bui%2C20.0.200%2CN%3Babtest%2C18.5.0%2CN%3Bconversion%2C18.5.1%2CN%3Bforum%2C20.0.100%2CN%3Bsocialservices%2C19.0.200%2CN%3Bb24connector%2C18.5.0%2CN%3Bcatalog%2C20.0.0%2CN%3Bclouds%2C20.0.0%2CN%3Bstoreassist%2C18.1.0%2CN%3Bsender%2C19.0.700%2CN%3Bmessageservice%2C20.0.0%2CN%3Bidea%2C17.5.1%2CN%3Bscale%2C17.5.0%2CN%3Bsearch%2C18.5.200%2CN%3Bperfmon%2C20.0.0%2CN%3Bseo%2C20.0.0%2CN%3Btranslate%2C19.0.100%2CN%3Bsale%2C20.0.275%2CN%3Bbizproc%2C20.0.200%2CN%3Bbitrix.sitepersonal%2C15.5.0%2CN&reqm=bitrix.siteinfoportal%2Cbitrix.sitecorporate%2Cbitrix.sitecommunity%2Cbitrix.eshop%2Cbitrix.sitepersonal%2Csberbank.ecom2&SUPD_SRS=RU&SUPD_CMP=N
2023-04-03 12:29:01 -  - exec CUpdateClientPartner::GetHTTPPage
2023-04-03 12:29:01 -  - TIME GetUpdatesList(request) 0.356 sec
2023-04-03 12:29:01 -  - exec CUpdateClientPartner::ParseServerData
2023-04-03 12:29:21 -  - exec CUpdateClientPartner::LoadModulesUpdates
2023-04-03 12:29:21 -  - exec CUpdateClientPartner::__CollectRequestData
2023-04-03 12:29:21 -  - utf=Y&lang=ru&stable=Y&CANGZIP=Y&SUPD_DBS=MYSQL&XE=N&CLIENT_SITE=xxx00bcz.beget.tech&LICENSE_KEY=X&SUPD_STS=1&SUPD_URS=0&SUPD_URSA=1&TYPENC=D&CLIENT_PHPVER=7.2.34&NGINX=Y&dbv=5.7.21&instm=main%2C20.0.650%2CY%3Blearning%2C17.5.1%2CN%3Bhighloadblock%2C20.0.100%2CN%3Bbitrix.siteinfoportal%2C15.5.0%2CN%3Bfileman%2C18.5.700%2CN%3Bphotogallery%2C20.0.0%2CN%3Brest%2C20.0.150%2CN%3Bvote%2C20.0.100%2CN%3Bbitrix.sitecorporate%2C15.5.0%2CN%3Bblog%2C20.0.0%2CN%3Bwebservice%2C18.0.0%2CN%3Breport%2C19.0.200%2CN%3Bsupport%2C16.0.0%2CN%3Bsubscribe%2C20.0.0%2CN%3Bstatistic%2C18.5.0%2CN%3Bmail%2C20.0.450%2CN%3Blanding%2C20.2.0%2CN%3Bmobileapp%2C19.0.200%2CN%3Bwiki%2C20.0.0%2CN%3Biblock%2C20.0.350%2CN%3Bworkflow%2C18.5.0%2CN%3Bim%2C19.0.850%2CN%3Bcurrency%2C19.0.100%2CN%3Bform%2C18.0.0%2CN%3Badvertising%2C20.0.0%2CN%3Bcompression%2C19.0.0%2CN%3Bbizprocdesigner%2C19.0.200%2CN%3Bpull%2C19.0.300%2CN%3Bsocialnetwork%2C20.0.250%2CN%3Bcalendar%2C19.0.600%2CN%3Bbitrixcloud%2C20.0.0%2CN%3Bsecurity%2C19.0.0%2CN%3Bbitrix.sitecommunity%2C15.5.0%2CN%3Bbitrix.eshop%2C18.5.0%2CN%3Blists%2C20.0.0%2CN%3Bui%2C20.0.200%2CN%3Babtest%2C18.5.0%2CN%3Bconversion%2C18.5.1%2CN%3Bforum%2C20.0.100%2CN%3Bsocialservices%2C19.0.200%2CN%3Bb24connector%2C18.5.0%2CN%3Bcatalog%2C20.0.0%2CN%3Bclouds%2C20.0.0%2CN%3Bstoreassist%2C18.1.0%2CN%3Bsender%2C19.0.700%2CN%3Bmessageservice%2C20.0.0%2CN%3Bidea%2C17.5.1%2CN%3Bscale%2C17.5.0%2CN%3Bsearch%2C18.5.200%2CN%3Bperfmon%2C20.0.0%2CN%3Bseo%2C20.0.0%2CN%3Btranslate%2C19.0.100%2CN%3Bsale%2C20.0.275%2CN%3Bbizproc%2C20.0.200%2CN%3Bbitrix.sitepersonal%2C15.5.0%2CN&reqm=bitrix.eshop%2Csberbank.ecom2&lim=Y&SUPD_SRS=RU&SUPD_CMP=N
2023-04-03 12:29:21 -  - exec CUpdateClientPartner::GetHTTPPage
2023-04-03 12:29:21 -  - TIME LoadModulesUpdates(request) 0.235 sec
2023-04-03 12:29:21 -  - exec CUpdateClientPartner::ParseServerData
2023-04-03 12:29:21 - S - STEP
2023-04-03 12:29:21 - LMU01 - LoadModulesUpdates-Step
2023-04-03 12:29:21 -  - exec CUpdateClientPartner::LoadModulesUpdates
2023-04-03 12:29:21 -  - exec CUpdateClientPartner::ParseServerData
2023-04-03 12:29:21 -  - loadFile
2023-04-03 12:29:21 - U - RETURN
2023-04-03 12:29:21 -  - exec CUpdateClientPartner::UnGzipArchive
2023-04-03 12:29:21 -  - TIME UnGzipArchive 0.006 sec
2023-04-03 12:29:21 - CSURUS1 - Run updater '/bitrix/updates/update_m1680514161/bitrix.eshop/updater20.5.0.php'
2023-04-03 12:29:21 -  - TIME UpdateStepModules 0.014 sec
2023-04-03 12:29:21 - UPD_SUCCESS - Updated: bitrix.eshop (20.5.0)<br><li>Незначительные исправления. 
2023-04-03 12:29:21 -  - exec CUpdateClientPartner::LoadModulesUpdates
2023-04-03 12:29:21 -  - exec CUpdateClientPartner::__CollectRequestData
2023-04-03 12:29:21 -  - utf=Y&lang=ru&stable=Y&CANGZIP=Y&SUPD_DBS=MYSQL&XE=N&CLIENT_SITE=xxx00bcz.beget.tech&LICENSE_KEY=X&SUPD_STS=1&SUPD_URS=0&SUPD_URSA=1&TYPENC=D&CLIENT_PHPVER=7.2.34&NGINX=Y&dbv=5.7.21&instm=main%2C20.0.650%2CY%3Blearning%2C17.5.1%2CN%3Bhighloadblock%2C20.0.100%2CN%3Bbitrix.siteinfoportal%2C15.5.0%2CN%3Bfileman%2C18.5.700%2CN%3Bphotogallery%2C20.0.0%2CN%3Brest%2C20.0.150%2CN%3Bvote%2C20.0.100%2CN%3Bbitrix.sitecorporate%2C15.5.0%2CN%3Bblog%2C20.0.0%2CN%3Bwebservice%2C18.0.0%2CN%3Breport%2C19.0.200%2CN%3Bsupport%2C16.0.0%2CN%3Bsubscribe%2C20.0.0%2CN%3Bstatistic%2C18.5.0%2CN%3Bmail%2C20.0.450%2CN%3Blanding%2C20.2.0%2CN%3Bmobileapp%2C19.0.200%2CN%3Bwiki%2C20.0.0%2CN%3Biblock%2C20.0.350%2CN%3Bworkflow%2C18.5.0%2CN%3Bim%2C19.0.850%2CN%3Bcurrency%2C19.0.100%2CN%3Bform%2C18.0.0%2CN%3Badvertising%2C20.0.0%2CN%3Bcompression%2C19.0.0%2CN%3Bbizprocdesigner%2C19.0.200%2CN%3Bpull%2C19.0.300%2CN%3Bsocialnetwork%2C20.0.250%2CN%3Bcalendar%2C19.0.600%2CN%3Bbitrixcloud%2C20.0.0%2CN%3Bsecurity%2C19.0.0%2CN%3Bbitrix.sitecommunity%2C15.5.0%2CN%3Bbitrix.eshop%2C20.5.0%2CN%3Blists%2C20.0.0%2CN%3Bui%2C20.0.200%2CN%3Babtest%2C18.5.0%2CN%3Bconversion%2C18.5.1%2CN%3Bforum%2C20.0.100%2CN%3Bsocialservices%2C19.0.200%2CN%3Bb24connector%2C18.5.0%2CN%3Bcatalog%2C20.0.0%2CN%3Bclouds%2C20.0.0%2CN%3Bstoreassist%2C18.1.0%2CN%3Bsender%2C19.0.700%2CN%3Bmessageservice%2C20.0.0%2CN%3Bidea%2C17.5.1%2CN%3Bscale%2C17.5.0%2CN%3Bsearch%2C18.5.200%2CN%3Bperfmon%2C20.0.0%2CN%3Bseo%2C20.0.0%2CN%3Btranslate%2C19.0.100%2CN%3Bsale%2C20.0.275%2CN%3Bbizproc%2C20.0.200%2CN%3Bbitrix.sitepersonal%2C15.5.0%2CN&reqm=bitrix.eshop%2Csberbank.ecom2&lim=Y&SUPD_SRS=RU&SUPD_CMP=N
2023-04-03 12:29:21 -  - exec CUpdateClientPartner::GetHTTPPage
2023-04-03 12:29:22 -  - TIME LoadModulesUpdates(request) 0.255 sec
2023-04-03 12:29:22 -  - exec CUpdateClientPartner::ParseServerData
2023-04-03 12:29:22 - S - STEP
2023-04-03 12:29:22 - LMU01 - LoadModulesUpdates-Step
2023-04-03 12:29:22 -  - exec CUpdateClientPartner::LoadModulesUpdates
2023-04-03 12:29:22 -  - exec CUpdateClientPartner::ParseServerData
2023-04-03 12:29:22 -  - loadFile
2023-04-03 12:29:22 - U - RETURN
2023-04-03 12:29:22 -  - exec CUpdateClientPartner::UnGzipArchive
2023-04-03 12:29:22 -  - TIME UnGzipArchive 0.004 sec
2023-04-03 12:29:22 -  - TIME UpdateStepModules 0.006 sec
2023-04-03 12:29:22 - UPD_SUCCESS - Updated: sberbank.ecom2
2023-04-03 12:29:22 -  - exec CUpdateClientPartner::LoadModulesUpdates
2023-04-03 12:29:22 -  - exec CUpdateClientPartner::__CollectRequestData
2023-04-03 12:29:22 -  - utf=Y&lang=ru&stable=Y&CANGZIP=Y&SUPD_DBS=MYSQL&XE=N&CLIENT_SITE=xxx00bcz.beget.tech&LICENSE_KEY=X&SUPD_STS=1&SUPD_URS=0&SUPD_URSA=1&TYPENC=D&CLIENT_PHPVER=7.2.34&NGINX=Y&dbv=5.7.21&instm=main%2C20.0.650%2CY%3Blearning%2C17.5.1%2CN%3Bhighloadblock%2C20.0.100%2CN%3Bbitrix.siteinfoportal%2C15.5.0%2CN%3Bfileman%2C18.5.700%2CN%3Bphotogallery%2C20.0.0%2CN%3Brest%2C20.0.150%2CN%3Bvote%2C20.0.100%2CN%3Bbitrix.sitecorporate%2C15.5.0%2CN%3Bblog%2C20.0.0%2CN%3Bwebservice%2C18.0.0%2CN%3Breport%2C19.0.200%2CN%3Bsupport%2C16.0.0%2CN%3Bsubscribe%2C20.0.0%2CN%3Bstatistic%2C18.5.0%2CN%3Bmail%2C20.0.450%2CN%3Blanding%2C20.2.0%2CN%3Bmobileapp%2C19.0.200%2CN%3Bwiki%2C20.0.0%2CN%3Biblock%2C20.0.350%2CN%3Bworkflow%2C18.5.0%2CN%3Bim%2C19.0.850%2CN%3Bcurrency%2C19.0.100%2CN%3Bform%2C18.0.0%2CN%3Badvertising%2C20.0.0%2CN%3Bcompression%2C19.0.0%2CN%3Bbizprocdesigner%2C19.0.200%2CN%3Bpull%2C19.0.300%2CN%3Bsocialnetwork%2C20.0.250%2CN%3Bcalendar%2C19.0.600%2CN%3Bbitrixcloud%2C20.0.0%2CN%3Bsecurity%2C19.0.0%2CN%3Bbitrix.sitecommunity%2C15.5.0%2CN%3Bbitrix.eshop%2C20.5.0%2CN%3Blists%2C20.0.0%2CN%3Bui%2C20.0.200%2CN%3Babtest%2C18.5.0%2CN%3Bconversion%2C18.5.1%2CN%3Bforum%2C20.0.100%2CN%3Bsocialservices%2C19.0.200%2CN%3Bb24connector%2C18.5.0%2CN%3Bcatalog%2C20.0.0%2CN%3Bsberbank.ecom2%2C1.0.1%2CN%3Bclouds%2C20.0.0%2CN%3Bstoreassist%2C18.1.0%2CN%3Bsender%2C19.0.700%2CN%3Bmessageservice%2C20.0.0%2CN%3Bidea%2C17.5.1%2CN%3Bscale%2C17.5.0%2CN%3Bsearch%2C18.5.200%2CN%3Bperfmon%2C20.0.0%2CN%3Bseo%2C20.0.0%2CN%3Btranslate%2C19.0.100%2CN%3Bsale%2C20.0.275%2CN%3Bbizproc%2C20.0.200%2CN%3Bbitrix.sitepersonal%2C15.5.0%2CN&reqm=bitrix.eshop%2Csberbank.ecom2&lim=Y&SUPD_SRS=RU&SUPD_CMP=N
2023-04-03 12:29:22 -  - exec CUpdateClientPartner::GetHTTPPage
2023-04-03 12:29:22 -  - TIME LoadModulesUpdates(request) 0.249 sec
2023-04-03 12:29:22 -  - exec CUpdateClientPartner::ParseServerData
2023-04-03 12:29:22 - S - STEP
2023-04-03 12:29:22 - LMU01 - LoadModulesUpdates-Step
2023-04-03 12:29:22 -  - exec CUpdateClientPartner::LoadModulesUpdates
2023-04-03 12:29:22 -  - exec CUpdateClientPartner::ParseServerData
2023-04-03 12:29:22 -  - loadFile
2023-04-03 12:29:23 - U - RETURN
2023-04-03 12:29:23 -  - exec CUpdateClientPartner::UnGzipArchive
2023-04-03 12:29:23 -  - TIME UnGzipArchive 0.003 sec
2023-04-03 12:29:23 -  - TIME UpdateStepModules 0.004 sec
2023-04-03 12:29:23 - UPD_SUCCESS - Updated: sberbank.ecom2 (1.0.2)<br>Техническое обновление
2023-04-03 12:29:23 -  - exec CUpdateClientPartner::LoadModulesUpdates
2023-04-03 12:29:23 -  - exec CUpdateClientPartner::__CollectRequestData
2023-04-03 12:29:23 -  - utf=Y&lang=ru&stable=Y&CANGZIP=Y&SUPD_DBS=MYSQL&XE=N&CLIENT_SITE=xxx00bcz.beget.tech&LICENSE_KEY=X&SUPD_STS=1&SUPD_URS=0&SUPD_URSA=1&TYPENC=D&CLIENT_PHPVER=7.2.34&NGINX=Y&dbv=5.7.21&instm=main%2C20.0.650%2CY%3Blearning%2C17.5.1%2CN%3Bhighloadblock%2C20.0.100%2CN%3Bbitrix.siteinfoportal%2C15.5.0%2CN%3Bfileman%2C18.5.700%2CN%3Bphotogallery%2C20.0.0%2CN%3Brest%2C20.0.150%2CN%3Bvote%2C20.0.100%2CN%3Bbitrix.sitecorporate%2C15.5.0%2CN%3Bblog%2C20.0.0%2CN%3Bwebservice%2C18.0.0%2CN%3Breport%2C19.0.200%2CN%3Bsupport%2C16.0.0%2CN%3Bsubscribe%2C20.0.0%2CN%3Bstatistic%2C18.5.0%2CN%3Bmail%2C20.0.450%2CN%3Blanding%2C20.2.0%2CN%3Bmobileapp%2C19.0.200%2CN%3Bwiki%2C20.0.0%2CN%3Biblock%2C20.0.350%2CN%3Bworkflow%2C18.5.0%2CN%3Bim%2C19.0.850%2CN%3Bcurrency%2C19.0.100%2CN%3Bform%2C18.0.0%2CN%3Badvertising%2C20.0.0%2CN%3Bcompression%2C19.0.0%2CN%3Bbizprocdesigner%2C19.0.200%2CN%3Bpull%2C19.0.300%2CN%3Bsocialnetwork%2C20.0.250%2CN%3Bcalendar%2C19.0.600%2CN%3Bbitrixcloud%2C20.0.0%2CN%3Bsecurity%2C19.0.0%2CN%3Bbitrix.sitecommunity%2C15.5.0%2CN%3Bbitrix.eshop%2C20.5.0%2CN%3Blists%2C20.0.0%2CN%3Bui%2C20.0.200%2CN%3Babtest%2C18.5.0%2CN%3Bconversion%2C18.5.1%2CN%3Bforum%2C20.0.100%2CN%3Bsocialservices%2C19.0.200%2CN%3Bb24connector%2C18.5.0%2CN%3Bcatalog%2C20.0.0%2CN%3Bsberbank.ecom2%2C1.0.2%2CN%3Bclouds%2C20.0.0%2CN%3Bstoreassist%2C18.1.0%2CN%3Bsender%2C19.0.700%2CN%3Bmessageservice%2C20.0.0%2CN%3Bidea%2C17.5.1%2CN%3Bscale%2C17.5.0%2CN%3Bsearch%2C18.5.200%2CN%3Bperfmon%2C20.0.0%2CN%3Bseo%2C20.0.0%2CN%3Btranslate%2C19.0.100%2CN%3Bsale%2C20.0.275%2CN%3Bbizproc%2C20.0.200%2CN%3Bbitrix.sitepersonal%2C15.5.0%2CN&reqm=bitrix.eshop%2Csberbank.ecom2&lim=Y&SUPD_SRS=RU&SUPD_CMP=N
2023-04-03 12:29:23 -  - exec CUpdateClientPartner::GetHTTPPage
2023-04-03 12:29:23 -  - TIME LoadModulesUpdates(request) 0.251 sec
2023-04-03 12:29:23 -  - exec CUpdateClientPartner::ParseServerData
2023-04-03 12:29:23 - S - STEP
2023-04-03 12:29:23 - LMU01 - LoadModulesUpdates-Step
2023-04-03 12:29:23 -  - exec CUpdateClientPartner::LoadModulesUpdates
2023-04-03 12:29:23 -  - exec CUpdateClientPartner::ParseServerData
2023-04-03 12:29:23 -  - loadFile
2023-04-03 12:29:23 - U - RETURN
2023-04-03 12:29:23 -  - exec CUpdateClientPartner::UnGzipArchive
2023-04-03 12:29:23 -  - TIME UnGzipArchive 0.001 sec
2023-04-03 12:29:23 -  - TIME UpdateStepModules 0.002 sec
2023-04-03 12:29:23 - UPD_SUCCESS - Updated: sberbank.ecom2 (1.0.3)<br>Техническое обновление
2023-04-03 12:29:23 -  - exec CUpdateClientPartner::LoadModulesUpdates
2023-04-03 12:29:23 -  - exec CUpdateClientPartner::__CollectRequestData
2023-04-03 12:29:23 -  - utf=Y&lang=ru&stable=Y&CANGZIP=Y&SUPD_DBS=MYSQL&XE=N&CLIENT_SITE=xxx00bcz.beget.tech&LICENSE_KEY=X&SUPD_STS=1&SUPD_URS=0&SUPD_URSA=1&TYPENC=D&CLIENT_PHPVER=7.2.34&NGINX=Y&dbv=5.7.21&instm=main%2C20.0.650%2CY%3Blearning%2C17.5.1%2CN%3Bhighloadblock%2C20.0.100%2CN%3Bbitrix.siteinfoportal%2C15.5.0%2CN%3Bfileman%2C18.5.700%2CN%3Bphotogallery%2C20.0.0%2CN%3Brest%2C20.0.150%2CN%3Bvote%2C20.0.100%2CN%3Bbitrix.sitecorporate%2C15.5.0%2CN%3Bblog%2C20.0.0%2CN%3Bwebservice%2C18.0.0%2CN%3Breport%2C19.0.200%2CN%3Bsupport%2C16.0.0%2CN%3Bsubscribe%2C20.0.0%2CN%3Bstatistic%2C18.5.0%2CN%3Bmail%2C20.0.450%2CN%3Blanding%2C20.2.0%2CN%3Bmobileapp%2C19.0.200%2CN%3Bwiki%2C20.0.0%2CN%3Biblock%2C20.0.350%2CN%3Bworkflow%2C18.5.0%2CN%3Bim%2C19.0.850%2CN%3Bcurrency%2C19.0.100%2CN%3Bform%2C18.0.0%2CN%3Badvertising%2C20.0.0%2CN%3Bcompression%2C19.0.0%2CN%3Bbizprocdesigner%2C19.0.200%2CN%3Bpull%2C19.0.300%2CN%3Bsocialnetwork%2C20.0.250%2CN%3Bcalendar%2C19.0.600%2CN%3Bbitrixcloud%2C20.0.0%2CN%3Bsecurity%2C19.0.0%2CN%3Bbitrix.sitecommunity%2C15.5.0%2CN%3Bbitrix.eshop%2C20.5.0%2CN%3Blists%2C20.0.0%2CN%3Bui%2C20.0.200%2CN%3Babtest%2C18.5.0%2CN%3Bconversion%2C18.5.1%2CN%3Bforum%2C20.0.100%2CN%3Bsocialservices%2C19.0.200%2CN%3Bb24connector%2C18.5.0%2CN%3Bcatalog%2C20.0.0%2CN%3Bsberbank.ecom2%2C1.0.3%2CN%3Bclouds%2C20.0.0%2CN%3Bstoreassist%2C18.1.0%2CN%3Bsender%2C19.0.700%2CN%3Bmessageservice%2C20.0.0%2CN%3Bidea%2C17.5.1%2CN%3Bscale%2C17.5.0%2CN%3Bsearch%2C18.5.200%2CN%3Bperfmon%2C20.0.0%2CN%3Bseo%2C20.0.0%2CN%3Btranslate%2C19.0.100%2CN%3Bsale%2C20.0.275%2CN%3Bbizproc%2C20.0.200%2CN%3Bbitrix.sitepersonal%2C15.5.0%2CN&reqm=bitrix.eshop%2Csberbank.ecom2&lim=Y&SUPD_SRS=RU&SUPD_CMP=N
2023-04-03 12:29:23 -  - exec CUpdateClientPartner::GetHTTPPage
2023-04-03 12:29:23 -  - TIME LoadModulesUpdates(request) 0.26 sec
2023-04-03 12:29:23 -  - exec CUpdateClientPartner::ParseServerData
2023-04-03 12:29:23 - S - STEP
2023-04-03 12:29:23 - LMU01 - LoadModulesUpdates-Step
2023-04-03 12:29:24 -  - exec CUpdateClientPartner::LoadModulesUpdates
2023-04-03 12:29:24 -  - exec CUpdateClientPartner::ParseServerData
2023-04-03 12:29:24 -  - loadFile
2023-04-03 12:29:24 - U - RETURN
2023-04-03 12:29:24 -  - exec CUpdateClientPartner::UnGzipArchive
2023-04-03 12:29:24 -  - TIME UnGzipArchive 0.001 sec
2023-04-03 12:29:24 -  - TIME UpdateStepModules 0.001 sec
2023-04-03 12:29:24 - UPD_SUCCESS - Updated: sberbank.ecom2 (1.0.4)<br>Техническое обновление
2023-04-03 12:29:24 -  - exec CUpdateClientPartner::LoadModulesUpdates
2023-04-03 12:29:24 -  - exec CUpdateClientPartner::__CollectRequestData
2023-04-03 12:29:24 -  - utf=Y&lang=ru&stable=Y&CANGZIP=Y&SUPD_DBS=MYSQL&XE=N&CLIENT_SITE=xxx00bcz.beget.tech&LICENSE_KEY=X&SUPD_STS=1&SUPD_URS=0&SUPD_URSA=1&TYPENC=D&CLIENT_PHPVER=7.2.34&NGINX=Y&dbv=5.7.21&instm=main%2C20.0.650%2CY%3Blearning%2C17.5.1%2CN%3Bhighloadblock%2C20.0.100%2CN%3Bbitrix.siteinfoportal%2C15.5.0%2CN%3Bfileman%2C18.5.700%2CN%3Bphotogallery%2C20.0.0%2CN%3Brest%2C20.0.150%2CN%3Bvote%2C20.0.100%2CN%3Bbitrix.sitecorporate%2C15.5.0%2CN%3Bblog%2C20.0.0%2CN%3Bwebservice%2C18.0.0%2CN%3Breport%2C19.0.200%2CN%3Bsupport%2C16.0.0%2CN%3Bsubscribe%2C20.0.0%2CN%3Bstatistic%2C18.5.0%2CN%3Bmail%2C20.0.450%2CN%3Blanding%2C20.2.0%2CN%3Bmobileapp%2C19.0.200%2CN%3Bwiki%2C20.0.0%2CN%3Biblock%2C20.0.350%2CN%3Bworkflow%2C18.5.0%2CN%3Bim%2C19.0.850%2CN%3Bcurrency%2C19.0.100%2CN%3Bform%2C18.0.0%2CN%3Badvertising%2C20.0.0%2CN%3Bcompression%2C19.0.0%2CN%3Bbizprocdesigner%2C19.0.200%2CN%3Bpull%2C19.0.300%2CN%3Bsocialnetwork%2C20.0.250%2CN%3Bcalendar%2C19.0.600%2CN%3Bbitrixcloud%2C20.0.0%2CN%3Bsecurity%2C19.0.0%2CN%3Bbitrix.sitecommunity%2C15.5.0%2CN%3Bbitrix.eshop%2C20.5.0%2CN%3Blists%2C20.0.0%2CN%3Bui%2C20.0.200%2CN%3Babtest%2C18.5.0%2CN%3Bconversion%2C18.5.1%2CN%3Bforum%2C20.0.100%2CN%3Bsocialservices%2C19.0.200%2CN%3Bb24connector%2C18.5.0%2CN%3Bcatalog%2C20.0.0%2CN%3Bsberbank.ecom2%2C1.0.4%2CN%3Bclouds%2C20.0.0%2CN%3Bstoreassist%2C18.1.0%2CN%3Bsender%2C19.0.700%2CN%3Bmessageservice%2C20.0.0%2CN%3Bidea%2C17.5.1%2CN%3Bscale%2C17.5.0%2CN%3Bsearch%2C18.5.200%2CN%3Bperfmon%2C20.0.0%2CN%3Bseo%2C20.0.0%2CN%3Btranslate%2C19.0.100%2CN%3Bsale%2C20.0.275%2CN%3Bbizproc%2C20.0.200%2CN%3Bbitrix.sitepersonal%2C15.5.0%2CN&reqm=bitrix.eshop%2Csberbank.ecom2&lim=Y&SUPD_SRS=RU&SUPD_CMP=N
2023-04-03 12:29:24 -  - exec CUpdateClientPartner::GetHTTPPage
2023-04-03 12:29:24 -  - TIME LoadModulesUpdates(request) 0.244 sec
2023-04-03 12:29:24 -  - exec CUpdateClientPartner::ParseServerData
2023-04-03 12:29:24 - S - STEP
2023-04-03 12:29:24 - LMU01 - LoadModulesUpdates-Step
2023-04-03 12:29:24 -  - exec CUpdateClientPartner::LoadModulesUpdates
2023-04-03 12:29:24 -  - exec CUpdateClientPartner::ParseServerData
2023-04-03 12:29:24 -  - loadFile
2023-04-03 12:29:24 - U - RETURN
2023-04-03 12:29:24 -  - exec CUpdateClientPartner::UnGzipArchive
2023-04-03 12:29:24 -  - TIME UnGzipArchive 0.004 sec
2023-04-03 12:29:24 -  - TIME UpdateStepModules 0.005 sec
2023-04-03 12:29:24 - UPD_SUCCESS - Updated: sberbank.ecom2 (1.1.0)<br><ul> <li>Добавлена возможность указывать собственные страницы возврата в параметрах платежного обработчика successUrl и failUrl</li> <li>В настройках модуля добавлена возможность отключения функционала для изменения \"статуса заказа\".</li> <li>Добавлена возможность использовать константы в поле \"Описание заказа\" : \'#PAYMENT_NUMBER#\', \'#ORDER_NUMBER#\', \'#PAYMENT_ID#\', \'#ORDER_ID#\', \'#USER_EMAIL#\'</li> </ul>
2023-04-03 12:29:24 -  - exec CUpdateClientPartner::LoadModulesUpdates
2023-04-03 12:29:24 -  - exec CUpdateClientPartner::__CollectRequestData
2023-04-03 12:29:24 -  - utf=Y&lang=ru&stable=Y&CANGZIP=Y&SUPD_DBS=MYSQL&XE=N&CLIENT_SITE=xxx00bcz.beget.tech&LICENSE_KEY=X&SUPD_STS=1&SUPD_URS=0&SUPD_URSA=1&TYPENC=D&CLIENT_PHPVER=7.2.34&NGINX=Y&dbv=5.7.21&instm=main%2C20.0.650%2CY%3Blearning%2C17.5.1%2CN%3Bhighloadblock%2C20.0.100%2CN%3Bbitrix.siteinfoportal%2C15.5.0%2CN%3Bfileman%2C18.5.700%2CN%3Bphotogallery%2C20.0.0%2CN%3Brest%2C20.0.150%2CN%3Bvote%2C20.0.100%2CN%3Bbitrix.sitecorporate%2C15.5.0%2CN%3Bblog%2C20.0.0%2CN%3Bwebservice%2C18.0.0%2CN%3Breport%2C19.0.200%2CN%3Bsupport%2C16.0.0%2CN%3Bsubscribe%2C20.0.0%2CN%3Bstatistic%2C18.5.0%2CN%3Bmail%2C20.0.450%2CN%3Blanding%2C20.2.0%2CN%3Bmobileapp%2C19.0.200%2CN%3Bwiki%2C20.0.0%2CN%3Biblock%2C20.0.350%2CN%3Bworkflow%2C18.5.0%2CN%3Bim%2C19.0.850%2CN%3Bcurrency%2C19.0.100%2CN%3Bform%2C18.0.0%2CN%3Badvertising%2C20.0.0%2CN%3Bcompression%2C19.0.0%2CN%3Bbizprocdesigner%2C19.0.200%2CN%3Bpull%2C19.0.300%2CN%3Bsocialnetwork%2C20.0.250%2CN%3Bcalendar%2C19.0.600%2CN%3Bbitrixcloud%2C20.0.0%2CN%3Bsecurity%2C19.0.0%2CN%3Bbitrix.sitecommunity%2C15.5.0%2CN%3Bbitrix.eshop%2C20.5.0%2CN%3Blists%2C20.0.0%2CN%3Bui%2C20.0.200%2CN%3Babtest%2C18.5.0%2CN%3Bconversion%2C18.5.1%2CN%3Bforum%2C20.0.100%2CN%3Bsocialservices%2C19.0.200%2CN%3Bb24connector%2C18.5.0%2CN%3Bcatalog%2C20.0.0%2CN%3Bsberbank.ecom2%2C1.1.0%2CN%3Bclouds%2C20.0.0%2CN%3Bstoreassist%2C18.1.0%2CN%3Bsender%2C19.0.700%2CN%3Bmessageservice%2C20.0.0%2CN%3Bidea%2C17.5.1%2CN%3Bscale%2C17.5.0%2CN%3Bsearch%2C18.5.200%2CN%3Bperfmon%2C20.0.0%2CN%3Bseo%2C20.0.0%2CN%3Btranslate%2C19.0.100%2CN%3Bsale%2C20.0.275%2CN%3Bbizproc%2C20.0.200%2CN%3Bbitrix.sitepersonal%2C15.5.0%2CN&reqm=bitrix.eshop%2Csberbank.ecom2&lim=Y&SUPD_SRS=RU&SUPD_CMP=N
2023-04-03 12:29:24 -  - exec CUpdateClientPartner::GetHTTPPage
2023-04-03 12:29:25 -  - TIME LoadModulesUpdates(request) 0.259 sec
2023-04-03 12:29:25 -  - exec CUpdateClientPartner::ParseServerData
2023-04-03 12:29:25 - S - STEP
2023-04-03 12:29:25 - LMU01 - LoadModulesUpdates-Step
2023-04-03 12:29:25 -  - exec CUpdateClientPartner::LoadModulesUpdates
2023-04-03 12:29:25 -  - exec CUpdateClientPartner::ParseServerData
2023-04-03 12:29:25 -  - loadFile
2023-04-03 12:29:25 - U - RETURN
2023-04-03 12:29:25 -  - exec CUpdateClientPartner::UnGzipArchive
2023-04-03 12:29:25 -  - TIME UnGzipArchive 0.001 sec
2023-04-03 12:29:25 -  - TIME UpdateStepModules 0.001 sec
2023-04-03 12:29:25 - UPD_SUCCESS - Updated: sberbank.ecom2 (1.1.1)<br>Техническое обновление
2023-04-03 12:29:25 -  - exec CUpdateClientPartner::LoadModulesUpdates
2023-04-03 12:29:25 -  - exec CUpdateClientPartner::__CollectRequestData
2023-04-03 12:29:25 -  - utf=Y&lang=ru&stable=Y&CANGZIP=Y&SUPD_DBS=MYSQL&XE=N&CLIENT_SITE=xxx00bcz.beget.tech&LICENSE_KEY=X&SUPD_STS=1&SUPD_URS=0&SUPD_URSA=1&TYPENC=D&CLIENT_PHPVER=7.2.34&NGINX=Y&dbv=5.7.21&instm=main%2C20.0.650%2CY%3Blearning%2C17.5.1%2CN%3Bhighloadblock%2C20.0.100%2CN%3Bbitrix.siteinfoportal%2C15.5.0%2CN%3Bfileman%2C18.5.700%2CN%3Bphotogallery%2C20.0.0%2CN%3Brest%2C20.0.150%2CN%3Bvote%2C20.0.100%2CN%3Bbitrix.sitecorporate%2C15.5.0%2CN%3Bblog%2C20.0.0%2CN%3Bwebservice%2C18.0.0%2CN%3Breport%2C19.0.200%2CN%3Bsupport%2C16.0.0%2CN%3Bsubscribe%2C20.0.0%2CN%3Bstatistic%2C18.5.0%2CN%3Bmail%2C20.0.450%2CN%3Blanding%2C20.2.0%2CN%3Bmobileapp%2C19.0.200%2CN%3Bwiki%2C20.0.0%2CN%3Biblock%2C20.0.350%2CN%3Bworkflow%2C18.5.0%2CN%3Bim%2C19.0.850%2CN%3Bcurrency%2C19.0.100%2CN%3Bform%2C18.0.0%2CN%3Badvertising%2C20.0.0%2CN%3Bcompression%2C19.0.0%2CN%3Bbizprocdesigner%2C19.0.200%2CN%3Bpull%2C19.0.300%2CN%3Bsocialnetwork%2C20.0.250%2CN%3Bcalendar%2C19.0.600%2CN%3Bbitrixcloud%2C20.0.0%2CN%3Bsecurity%2C19.0.0%2CN%3Bbitrix.sitecommunity%2C15.5.0%2CN%3Bbitrix.eshop%2C20.5.0%2CN%3Blists%2C20.0.0%2CN%3Bui%2C20.0.200%2CN%3Babtest%2C18.5.0%2CN%3Bconversion%2C18.5.1%2CN%3Bforum%2C20.0.100%2CN%3Bsocialservices%2C19.0.200%2CN%3Bb24connector%2C18.5.0%2CN%3Bcatalog%2C20.0.0%2CN%3Bsberbank.ecom2%2C1.1.1%2CN%3Bclouds%2C20.0.0%2CN%3Bstoreassist%2C18.1.0%2CN%3Bsender%2C19.0.700%2CN%3Bmessageservice%2C20.0.0%2CN%3Bidea%2C17.5.1%2CN%3Bscale%2C17.5.0%2CN%3Bsearch%2C18.5.200%2CN%3Bperfmon%2C20.0.0%2CN%3Bseo%2C20.0.0%2CN%3Btranslate%2C19.0.100%2CN%3Bsale%2C20.0.275%2CN%3Bbizproc%2C20.0.200%2CN%3Bbitrix.sitepersonal%2C15.5.0%2CN&reqm=bitrix.eshop%2Csberbank.ecom2&lim=Y&SUPD_SRS=RU&SUPD_CMP=N
2023-04-03 12:29:25 -  - exec CUpdateClientPartner::GetHTTPPage
2023-04-03 12:29:25 -  - TIME LoadModulesUpdates(request) 0.236 sec
2023-04-03 12:29:25 -  - exec CUpdateClientPartner::ParseServerData
2023-04-03 12:29:25 - S - STEP
2023-04-03 12:29:25 - LMU01 - LoadModulesUpdates-Step
2023-04-03 12:29:25 -  - exec CUpdateClientPartner::LoadModulesUpdates
2023-04-03 12:29:25 -  - exec CUpdateClientPartner::ParseServerData
2023-04-03 12:29:25 -  - loadFile
2023-04-03 12:29:25 - U - RETURN
2023-04-03 12:29:25 -  - exec CUpdateClientPartner::UnGzipArchive
2023-04-03 12:29:25 -  - TIME UnGzipArchive 0.002 sec
2023-04-03 12:29:25 -  - TIME UpdateStepModules 0.004 sec
2023-04-03 12:29:25 - UPD_SUCCESS - Updated: sberbank.ecom2 (1.1.2)<br>Добавлена передача данных пользователя (Телефон,email, ФИО) в дополнительные параметры заказа на шлюзе
2023-04-03 12:29:25 -  - exec CUpdateClientPartner::LoadModulesUpdates
2023-04-03 12:29:25 -  - exec CUpdateClientPartner::__CollectRequestData
2023-04-03 12:29:25 -  - utf=Y&lang=ru&stable=Y&CANGZIP=Y&SUPD_DBS=MYSQL&XE=N&CLIENT_SITE=xxx00bcz.beget.tech&LICENSE_KEY=X&SUPD_STS=1&SUPD_URS=0&SUPD_URSA=1&TYPENC=D&CLIENT_PHPVER=7.2.34&NGINX=Y&dbv=5.7.21&instm=main%2C20.0.650%2CY%3Blearning%2C17.5.1%2CN%3Bhighloadblock%2C20.0.100%2CN%3Bbitrix.siteinfoportal%2C15.5.0%2CN%3Bfileman%2C18.5.700%2CN%3Bphotogallery%2C20.0.0%2CN%3Brest%2C20.0.150%2CN%3Bvote%2C20.0.100%2CN%3Bbitrix.sitecorporate%2C15.5.0%2CN%3Bblog%2C20.0.0%2CN%3Bwebservice%2C18.0.0%2CN%3Breport%2C19.0.200%2CN%3Bsupport%2C16.0.0%2CN%3Bsubscribe%2C20.0.0%2CN%3Bstatistic%2C18.5.0%2CN%3Bmail%2C20.0.450%2CN%3Blanding%2C20.2.0%2CN%3Bmobileapp%2C19.0.200%2CN%3Bwiki%2C20.0.0%2CN%3Biblock%2C20.0.350%2CN%3Bworkflow%2C18.5.0%2CN%3Bim%2C19.0.850%2CN%3Bcurrency%2C19.0.100%2CN%3Bform%2C18.0.0%2CN%3Badvertising%2C20.0.0%2CN%3Bcompression%2C19.0.0%2CN%3Bbizprocdesigner%2C19.0.200%2CN%3Bpull%2C19.0.300%2CN%3Bsocialnetwork%2C20.0.250%2CN%3Bcalendar%2C19.0.600%2CN%3Bbitrixcloud%2C20.0.0%2CN%3Bsecurity%2C19.0.0%2CN%3Bbitrix.sitecommunity%2C15.5.0%2CN%3Bbitrix.eshop%2C20.5.0%2CN%3Blists%2C20.0.0%2CN%3Bui%2C20.0.200%2CN%3Babtest%2C18.5.0%2CN%3Bconversion%2C18.5.1%2CN%3Bforum%2C20.0.100%2CN%3Bsocialservices%2C19.0.200%2CN%3Bb24connector%2C18.5.0%2CN%3Bcatalog%2C20.0.0%2CN%3Bsberbank.ecom2%2C1.1.2%2CN%3Bclouds%2C20.0.0%2CN%3Bstoreassist%2C18.1.0%2CN%3Bsender%2C19.0.700%2CN%3Bmessageservice%2C20.0.0%2CN%3Bidea%2C17.5.1%2CN%3Bscale%2C17.5.0%2CN%3Bsearch%2C18.5.200%2CN%3Bperfmon%2C20.0.0%2CN%3Bseo%2C20.0.0%2CN%3Btranslate%2C19.0.100%2CN%3Bsale%2C20.0.275%2CN%3Bbizproc%2C20.0.200%2CN%3Bbitrix.sitepersonal%2C15.5.0%2CN&reqm=bitrix.eshop%2Csberbank.ecom2&lim=Y&SUPD_SRS=RU&SUPD_CMP=N
2023-04-03 12:29:25 -  - exec CUpdateClientPartner::GetHTTPPage
2023-04-03 12:29:26 -  - TIME LoadModulesUpdates(request) 0.253 sec
2023-04-03 12:29:26 -  - exec CUpdateClientPartner::ParseServerData
2023-04-03 12:29:26 - S - STEP
2023-04-03 12:29:26 - LMU01 - LoadModulesUpdates-Step
2023-04-03 12:29:26 -  - exec CUpdateClientPartner::LoadModulesUpdates
2023-04-03 12:29:26 -  - exec CUpdateClientPartner::ParseServerData
2023-04-03 12:29:26 -  - loadFile
2023-04-03 12:29:26 - U - RETURN
2023-04-03 12:29:26 -  - exec CUpdateClientPartner::UnGzipArchive
2023-04-03 12:29:26 -  - TIME UnGzipArchive 0.001 sec
2023-04-03 12:29:26 -  - TIME UpdateStepModules 0.001 sec
2023-04-03 12:29:26 - UPD_SUCCESS - Updated: sberbank.ecom2 (1.1.3)<br>Техническое обновление
2023-04-03 12:29:26 -  - exec CUpdateClientPartner::LoadModulesUpdates
2023-04-03 12:29:26 -  - exec CUpdateClientPartner::__CollectRequestData
2023-04-03 12:29:26 -  - utf=Y&lang=ru&stable=Y&CANGZIP=Y&SUPD_DBS=MYSQL&XE=N&CLIENT_SITE=xxx00bcz.beget.tech&LICENSE_KEY=X&SUPD_STS=1&SUPD_URS=0&SUPD_URSA=1&TYPENC=D&CLIENT_PHPVER=7.2.34&NGINX=Y&dbv=5.7.21&instm=main%2C20.0.650%2CY%3Blearning%2C17.5.1%2CN%3Bhighloadblock%2C20.0.100%2CN%3Bbitrix.siteinfoportal%2C15.5.0%2CN%3Bfileman%2C18.5.700%2CN%3Bphotogallery%2C20.0.0%2CN%3Brest%2C20.0.150%2CN%3Bvote%2C20.0.100%2CN%3Bbitrix.sitecorporate%2C15.5.0%2CN%3Bblog%2C20.0.0%2CN%3Bwebservice%2C18.0.0%2CN%3Breport%2C19.0.200%2CN%3Bsupport%2C16.0.0%2CN%3Bsubscribe%2C20.0.0%2CN%3Bstatistic%2C18.5.0%2CN%3Bmail%2C20.0.450%2CN%3Blanding%2C20.2.0%2CN%3Bmobileapp%2C19.0.200%2CN%3Bwiki%2C20.0.0%2CN%3Biblock%2C20.0.350%2CN%3Bworkflow%2C18.5.0%2CN%3Bim%2C19.0.850%2CN%3Bcurrency%2C19.0.100%2CN%3Bform%2C18.0.0%2CN%3Badvertising%2C20.0.0%2CN%3Bcompression%2C19.0.0%2CN%3Bbizprocdesigner%2C19.0.200%2CN%3Bpull%2C19.0.300%2CN%3Bsocialnetwork%2C20.0.250%2CN%3Bcalendar%2C19.0.600%2CN%3Bbitrixcloud%2C20.0.0%2CN%3Bsecurity%2C19.0.0%2CN%3Bbitrix.sitecommunity%2C15.5.0%2CN%3Bbitrix.eshop%2C20.5.0%2CN%3Blists%2C20.0.0%2CN%3Bui%2C20.0.200%2CN%3Babtest%2C18.5.0%2CN%3Bconversion%2C18.5.1%2CN%3Bforum%2C20.0.100%2CN%3Bsocialservices%2C19.0.200%2CN%3Bb24connector%2C18.5.0%2CN%3Bcatalog%2C20.0.0%2CN%3Bsberbank.ecom2%2C1.1.3%2CN%3Bclouds%2C20.0.0%2CN%3Bstoreassist%2C18.1.0%2CN%3Bsender%2C19.0.700%2CN%3Bmessageservice%2C20.0.0%2CN%3Bidea%2C17.5.1%2CN%3Bscale%2C17.5.0%2CN%3Bsearch%2C18.5.200%2CN%3Bperfmon%2C20.0.0%2CN%3Bseo%2C20.0.0%2CN%3Btranslate%2C19.0.100%2CN%3Bsale%2C20.0.275%2CN%3Bbizproc%2C20.0.200%2CN%3Bbitrix.sitepersonal%2C15.5.0%2CN&reqm=bitrix.eshop%2Csberbank.ecom2&lim=Y&SUPD_SRS=RU&SUPD_CMP=N
2023-04-03 12:29:26 -  - exec CUpdateClientPartner::GetHTTPPage
2023-04-03 12:29:26 -  - TIME LoadModulesUpdates(request) 0.257 sec
2023-04-03 12:29:26 -  - exec CUpdateClientPartner::ParseServerData
2023-04-03 12:29:26 - S - STEP
2023-04-03 12:29:26 - LMU01 - LoadModulesUpdates-Step
2023-04-03 12:29:26 -  - exec CUpdateClientPartner::LoadModulesUpdates
2023-04-03 12:29:26 -  - exec CUpdateClientPartner::ParseServerData
2023-04-03 12:29:26 -  - loadFile
2023-04-03 12:29:26 - U - RETURN
2023-04-03 12:29:26 -  - exec CUpdateClientPartner::UnGzipArchive
2023-04-03 12:29:26 -  - TIME UnGzipArchive 0.001 sec
2023-04-03 12:29:26 -  - TIME UpdateStepModules 0.001 sec
2023-04-03 12:29:26 - UPD_SUCCESS - Updated: sberbank.ecom2 (1.1.4)<br>Техническое обновление
2023-04-03 12:29:26 -  - exec CUpdateClientPartner::LoadModulesUpdates
2023-04-03 12:29:26 -  - exec CUpdateClientPartner::__CollectRequestData
2023-04-03 12:29:26 -  - utf=Y&lang=ru&stable=Y&CANGZIP=Y&SUPD_DBS=MYSQL&XE=N&CLIENT_SITE=xxx00bcz.beget.tech&LICENSE_KEY=X&SUPD_STS=1&SUPD_URS=0&SUPD_URSA=1&TYPENC=D&CLIENT_PHPVER=7.2.34&NGINX=Y&dbv=5.7.21&instm=main%2C20.0.650%2CY%3Blearning%2C17.5.1%2CN%3Bhighloadblock%2C20.0.100%2CN%3Bbitrix.siteinfoportal%2C15.5.0%2CN%3Bfileman%2C18.5.700%2CN%3Bphotogallery%2C20.0.0%2CN%3Brest%2C20.0.150%2CN%3Bvote%2C20.0.100%2CN%3Bbitrix.sitecorporate%2C15.5.0%2CN%3Bblog%2C20.0.0%2CN%3Bwebservice%2C18.0.0%2CN%3Breport%2C19.0.200%2CN%3Bsupport%2C16.0.0%2CN%3Bsubscribe%2C20.0.0%2CN%3Bstatistic%2C18.5.0%2CN%3Bmail%2C20.0.450%2CN%3Blanding%2C20.2.0%2CN%3Bmobileapp%2C19.0.200%2CN%3Bwiki%2C20.0.0%2CN%3Biblock%2C20.0.350%2CN%3Bworkflow%2C18.5.0%2CN%3Bim%2C19.0.850%2CN%3Bcurrency%2C19.0.100%2CN%3Bform%2C18.0.0%2CN%3Badvertising%2C20.0.0%2CN%3Bcompression%2C19.0.0%2CN%3Bbizprocdesigner%2C19.0.200%2CN%3Bpull%2C19.0.300%2CN%3Bsocialnetwork%2C20.0.250%2CN%3Bcalendar%2C19.0.600%2CN%3Bbitrixcloud%2C20.0.0%2CN%3Bsecurity%2C19.0.0%2CN%3Bbitrix.sitecommunity%2C15.5.0%2CN%3Bbitrix.eshop%2C20.5.0%2CN%3Blists%2C20.0.0%2CN%3Bui%2C20.0.200%2CN%3Babtest%2C18.5.0%2CN%3Bconversion%2C18.5.1%2CN%3Bforum%2C20.0.100%2CN%3Bsocialservices%2C19.0.200%2CN%3Bb24connector%2C18.5.0%2CN%3Bcatalog%2C20.0.0%2CN%3Bsberbank.ecom2%2C1.1.4%2CN%3Bclouds%2C20.0.0%2CN%3Bstoreassist%2C18.1.0%2CN%3Bsender%2C19.0.700%2CN%3Bmessageservice%2C20.0.0%2CN%3Bidea%2C17.5.1%2CN%3Bscale%2C17.5.0%2CN%3Bsearch%2C18.5.200%2CN%3Bperfmon%2C20.0.0%2CN%3Bseo%2C20.0.0%2CN%3Btranslate%2C19.0.100%2CN%3Bsale%2C20.0.275%2CN%3Bbizproc%2C20.0.200%2CN%3Bbitrix.sitepersonal%2C15.5.0%2CN&reqm=bitrix.eshop%2Csberbank.ecom2&lim=Y&SUPD_SRS=RU&SUPD_CMP=N
2023-04-03 12:29:26 -  - exec CUpdateClientPartner::GetHTTPPage
2023-04-03 12:29:27 -  - TIME LoadModulesUpdates(request) 0.249 sec
2023-04-03 12:29:27 -  - exec CUpdateClientPartner::ParseServerData
2023-04-03 12:29:27 - S - STEP
2023-04-03 12:29:27 - LMU01 - LoadModulesUpdates-Step
2023-04-03 12:29:27 -  - exec CUpdateClientPartner::LoadModulesUpdates
2023-04-03 12:29:27 -  - exec CUpdateClientPartner::ParseServerData
2023-04-03 12:29:27 -  - loadFile
2023-04-03 12:29:27 - U - RETURN
2023-04-03 12:29:27 -  - exec CUpdateClientPartner::UnGzipArchive
2023-04-03 12:29:27 -  - TIME UnGzipArchive 0.001 sec
2023-04-03 12:29:27 -  - TIME UpdateStepModules 0.001 sec
2023-04-03 12:29:27 - UPD_SUCCESS - Updated: sberbank.ecom2 (1.1.5)<br>Техническое обновление
2023-04-03 12:29:27 -  - exec CUpdateClientPartner::LoadModulesUpdates
2023-04-03 12:29:27 -  - exec CUpdateClientPartner::__CollectRequestData
2023-04-03 12:29:27 -  - utf=Y&lang=ru&stable=Y&CANGZIP=Y&SUPD_DBS=MYSQL&XE=N&CLIENT_SITE=xxx00bcz.beget.tech&LICENSE_KEY=X&SUPD_STS=1&SUPD_URS=0&SUPD_URSA=1&TYPENC=D&CLIENT_PHPVER=7.2.34&NGINX=Y&dbv=5.7.21&instm=main%2C20.0.650%2CY%3Blearning%2C17.5.1%2CN%3Bhighloadblock%2C20.0.100%2CN%3Bbitrix.siteinfoportal%2C15.5.0%2CN%3Bfileman%2C18.5.700%2CN%3Bphotogallery%2C20.0.0%2CN%3Brest%2C20.0.150%2CN%3Bvote%2C20.0.100%2CN%3Bbitrix.sitecorporate%2C15.5.0%2CN%3Bblog%2C20.0.0%2CN%3Bwebservice%2C18.0.0%2CN%3Breport%2C19.0.200%2CN%3Bsupport%2C16.0.0%2CN%3Bsubscribe%2C20.0.0%2CN%3Bstatistic%2C18.5.0%2CN%3Bmail%2C20.0.450%2CN%3Blanding%2C20.2.0%2CN%3Bmobileapp%2C19.0.200%2CN%3Bwiki%2C20.0.0%2CN%3Biblock%2C20.0.350%2CN%3Bworkflow%2C18.5.0%2CN%3Bim%2C19.0.850%2CN%3Bcurrency%2C19.0.100%2CN%3Bform%2C18.0.0%2CN%3Badvertising%2C20.0.0%2CN%3Bcompression%2C19.0.0%2CN%3Bbizprocdesigner%2C19.0.200%2CN%3Bpull%2C19.0.300%2CN%3Bsocialnetwork%2C20.0.250%2CN%3Bcalendar%2C19.0.600%2CN%3Bbitrixcloud%2C20.0.0%2CN%3Bsecurity%2C19.0.0%2CN%3Bbitrix.sitecommunity%2C15.5.0%2CN%3Bbitrix.eshop%2C20.5.0%2CN%3Blists%2C20.0.0%2CN%3Bui%2C20.0.200%2CN%3Babtest%2C18.5.0%2CN%3Bconversion%2C18.5.1%2CN%3Bforum%2C20.0.100%2CN%3Bsocialservices%2C19.0.200%2CN%3Bb24connector%2C18.5.0%2CN%3Bcatalog%2C20.0.0%2CN%3Bsberbank.ecom2%2C1.1.5%2CN%3Bclouds%2C20.0.0%2CN%3Bstoreassist%2C18.1.0%2CN%3Bsender%2C19.0.700%2CN%3Bmessageservice%2C20.0.0%2CN%3Bidea%2C17.5.1%2CN%3Bscale%2C17.5.0%2CN%3Bsearch%2C18.5.200%2CN%3Bperfmon%2C20.0.0%2CN%3Bseo%2C20.0.0%2CN%3Btranslate%2C19.0.100%2CN%3Bsale%2C20.0.275%2CN%3Bbizproc%2C20.0.200%2CN%3Bbitrix.sitepersonal%2C15.5.0%2CN&reqm=bitrix.eshop%2Csberbank.ecom2&lim=Y&SUPD_SRS=RU&SUPD_CMP=N
2023-04-03 12:29:27 -  - exec CUpdateClientPartner::GetHTTPPage
2023-04-03 12:29:28 -  - TIME LoadModulesUpdates(request) 0.812 sec
2023-04-03 12:29:28 -  - exec CUpdateClientPartner::ParseServerData
2023-04-03 12:29:28 - S - STEP
2023-04-03 12:29:28 - LMU01 - LoadModulesUpdates-Step
2023-04-03 12:29:28 -  - exec CUpdateClientPartner::LoadModulesUpdates
2023-04-03 12:29:28 -  - exec CUpdateClientPartner::ParseServerData
2023-04-03 12:29:28 -  - loadFile
2023-04-03 12:29:28 - U - RETURN
2023-04-03 12:29:28 -  - exec CUpdateClientPartner::UnGzipArchive
2023-04-03 12:29:28 -  - TIME UnGzipArchive 0.001 sec
2023-04-03 12:29:28 -  - TIME UpdateStepModules 0.002 sec
2023-04-03 12:29:28 - UPD_SUCCESS - Updated: sberbank.ecom2 (1.1.6)<br>Техническое обновление
2023-04-03 12:29:28 -  - exec CUpdateClientPartner::LoadModulesUpdates
2023-04-03 12:29:28 -  - exec CUpdateClientPartner::__CollectRequestData
2023-04-03 12:29:28 -  - utf=Y&lang=ru&stable=Y&CANGZIP=Y&SUPD_DBS=MYSQL&XE=N&CLIENT_SITE=xxx00bcz.beget.tech&LICENSE_KEY=X&SUPD_STS=1&SUPD_URS=0&SUPD_URSA=1&TYPENC=D&CLIENT_PHPVER=7.2.34&NGINX=Y&dbv=5.7.21&instm=main%2C20.0.650%2CY%3Blearning%2C17.5.1%2CN%3Bhighloadblock%2C20.0.100%2CN%3Bbitrix.siteinfoportal%2C15.5.0%2CN%3Bfileman%2C18.5.700%2CN%3Bphotogallery%2C20.0.0%2CN%3Brest%2C20.0.150%2CN%3Bvote%2C20.0.100%2CN%3Bbitrix.sitecorporate%2C15.5.0%2CN%3Bblog%2C20.0.0%2CN%3Bwebservice%2C18.0.0%2CN%3Breport%2C19.0.200%2CN%3Bsupport%2C16.0.0%2CN%3Bsubscribe%2C20.0.0%2CN%3Bstatistic%2C18.5.0%2CN%3Bmail%2C20.0.450%2CN%3Blanding%2C20.2.0%2CN%3Bmobileapp%2C19.0.200%2CN%3Bwiki%2C20.0.0%2CN%3Biblock%2C20.0.350%2CN%3Bworkflow%2C18.5.0%2CN%3Bim%2C19.0.850%2CN%3Bcurrency%2C19.0.100%2CN%3Bform%2C18.0.0%2CN%3Badvertising%2C20.0.0%2CN%3Bcompression%2C19.0.0%2CN%3Bbizprocdesigner%2C19.0.200%2CN%3Bpull%2C19.0.300%2CN%3Bsocialnetwork%2C20.0.250%2CN%3Bcalendar%2C19.0.600%2CN%3Bbitrixcloud%2C20.0.0%2CN%3Bsecurity%2C19.0.0%2CN%3Bbitrix.sitecommunity%2C15.5.0%2CN%3Bbitrix.eshop%2C20.5.0%2CN%3Blists%2C20.0.0%2CN%3Bui%2C20.0.200%2CN%3Babtest%2C18.5.0%2CN%3Bconversion%2C18.5.1%2CN%3Bforum%2C20.0.100%2CN%3Bsocialservices%2C19.0.200%2CN%3Bb24connector%2C18.5.0%2CN%3Bcatalog%2C20.0.0%2CN%3Bsberbank.ecom2%2C1.1.6%2CN%3Bclouds%2C20.0.0%2CN%3Bstoreassist%2C18.1.0%2CN%3Bsender%2C19.0.700%2CN%3Bmessageservice%2C20.0.0%2CN%3Bidea%2C17.5.1%2CN%3Bscale%2C17.5.0%2CN%3Bsearch%2C18.5.200%2CN%3Bperfmon%2C20.0.0%2CN%3Bseo%2C20.0.0%2CN%3Btranslate%2C19.0.100%2CN%3Bsale%2C20.0.275%2CN%3Bbizproc%2C20.0.200%2CN%3Bbitrix.sitepersonal%2C15.5.0%2CN&reqm=bitrix.eshop%2Csberbank.ecom2&lim=Y&SUPD_SRS=RU&SUPD_CMP=N
2023-04-03 12:29:28 -  - exec CUpdateClientPartner::GetHTTPPage
2023-04-03 12:29:28 -  - TIME LoadModulesUpdates(request) 0.239 sec
2023-04-03 12:29:28 -  - exec CUpdateClientPartner::ParseServerData
2023-04-03 12:29:28 - S - STEP
2023-04-03 12:29:28 - LMU01 - LoadModulesUpdates-Step
2023-04-03 12:29:28 -  - exec CUpdateClientPartner::LoadModulesUpdates
2023-04-03 12:29:28 -  - exec CUpdateClientPartner::ParseServerData
2023-04-03 12:29:28 -  - loadFile
2023-04-03 12:29:29 - U - RETURN
2023-04-03 12:29:29 -  - exec CUpdateClientPartner::UnGzipArchive
2023-04-03 12:29:29 -  - TIME UnGzipArchive 0.001 sec
2023-04-03 12:29:29 -  - TIME UpdateStepModules 0.001 sec
2023-04-03 12:29:29 - UPD_SUCCESS - Updated: sberbank.ecom2 (1.1.7)<br>Изменена страница возврата, Удален код подключения шаблона магазина, В некоторых случаях код шаблона мешал корректной смены статуса оплаты
2023-04-03 12:29:29 -  - exec CUpdateClientPartner::LoadModulesUpdates
2023-04-03 12:29:29 -  - exec CUpdateClientPartner::__CollectRequestData
2023-04-03 12:29:29 -  - utf=Y&lang=ru&stable=Y&CANGZIP=Y&SUPD_DBS=MYSQL&XE=N&CLIENT_SITE=xxx00bcz.beget.tech&LICENSE_KEY=X&SUPD_STS=1&SUPD_URS=0&SUPD_URSA=1&TYPENC=D&CLIENT_PHPVER=7.2.34&NGINX=Y&dbv=5.7.21&instm=main%2C20.0.650%2CY%3Blearning%2C17.5.1%2CN%3Bhighloadblock%2C20.0.100%2CN%3Bbitrix.siteinfoportal%2C15.5.0%2CN%3Bfileman%2C18.5.700%2CN%3Bphotogallery%2C20.0.0%2CN%3Brest%2C20.0.150%2CN%3Bvote%2C20.0.100%2CN%3Bbitrix.sitecorporate%2C15.5.0%2CN%3Bblog%2C20.0.0%2CN%3Bwebservice%2C18.0.0%2CN%3Breport%2C19.0.200%2CN%3Bsupport%2C16.0.0%2CN%3Bsubscribe%2C20.0.0%2CN%3Bstatistic%2C18.5.0%2CN%3Bmail%2C20.0.450%2CN%3Blanding%2C20.2.0%2CN%3Bmobileapp%2C19.0.200%2CN%3Bwiki%2C20.0.0%2CN%3Biblock%2C20.0.350%2CN%3Bworkflow%2C18.5.0%2CN%3Bim%2C19.0.850%2CN%3Bcurrency%2C19.0.100%2CN%3Bform%2C18.0.0%2CN%3Badvertising%2C20.0.0%2CN%3Bcompression%2C19.0.0%2CN%3Bbizprocdesigner%2C19.0.200%2CN%3Bpull%2C19.0.300%2CN%3Bsocialnetwork%2C20.0.250%2CN%3Bcalendar%2C19.0.600%2CN%3Bbitrixcloud%2C20.0.0%2CN%3Bsecurity%2C19.0.0%2CN%3Bbitrix.sitecommunity%2C15.5.0%2CN%3Bbitrix.eshop%2C20.5.0%2CN%3Blists%2C20.0.0%2CN%3Bui%2C20.0.200%2CN%3Babtest%2C18.5.0%2CN%3Bconversion%2C18.5.1%2CN%3Bforum%2C20.0.100%2CN%3Bsocialservices%2C19.0.200%2CN%3Bb24connector%2C18.5.0%2CN%3Bcatalog%2C20.0.0%2CN%3Bsberbank.ecom2%2C1.1.7%2CN%3Bclouds%2C20.0.0%2CN%3Bstoreassist%2C18.1.0%2CN%3Bsender%2C19.0.700%2CN%3Bmessageservice%2C20.0.0%2CN%3Bidea%2C17.5.1%2CN%3Bscale%2C17.5.0%2CN%3Bsearch%2C18.5.200%2CN%3Bperfmon%2C20.0.0%2CN%3Bseo%2C20.0.0%2CN%3Btranslate%2C19.0.100%2CN%3Bsale%2C20.0.275%2CN%3Bbizproc%2C20.0.200%2CN%3Bbitrix.sitepersonal%2C15.5.0%2CN&reqm=bitrix.eshop%2Csberbank.ecom2&lim=Y&SUPD_SRS=RU&SUPD_CMP=N
2023-04-03 12:29:29 -  - exec CUpdateClientPartner::GetHTTPPage
2023-04-03 12:29:29 -  - TIME LoadModulesUpdates(request) 0.242 sec
2023-04-03 12:29:29 -  - exec CUpdateClientPartner::ParseServerData
2023-04-03 12:29:29 - S - STEP
2023-04-03 12:29:29 - LMU01 - LoadModulesUpdates-Step
2023-04-03 12:29:29 -  - exec CUpdateClientPartner::LoadModulesUpdates
2023-04-03 12:29:29 -  - exec CUpdateClientPartner::ParseServerData
2023-04-03 12:29:29 -  - loadFile
2023-04-03 12:29:29 - U - RETURN
2023-04-03 12:29:29 -  - exec CUpdateClientPartner::UnGzipArchive
2023-04-03 12:29:29 -  - TIME UnGzipArchive 0.001 sec
2023-04-03 12:29:29 -  - TIME UpdateStepModules 0.001 sec
2023-04-03 12:29:29 - UPD_SUCCESS - Updated: sberbank.ecom2 (1.1.8)<br><ul> <li>Изменен формат телефона, при передачи на шлюз. С 7999... на +799...</li> <li>Добавлена возможность использовать константы в полях \"url для возврата при успешном/неуспешном платеже\" : \'#PAYMENT_NUMBER#\', \'#ORDER_NUMBER#\', \'#PAYMENT_ID#\', \'#ORDER_ID#\', \'#USER_EMAIL#\'</li> <li></li> </ul>
2023-04-03 12:29:29 -  - exec CUpdateClientPartner::LoadModulesUpdates
2023-04-03 12:29:29 -  - exec CUpdateClientPartner::__CollectRequestData
2023-04-03 12:29:29 -  - utf=Y&lang=ru&stable=Y&CANGZIP=Y&SUPD_DBS=MYSQL&XE=N&CLIENT_SITE=xxx00bcz.beget.tech&LICENSE_KEY=X&SUPD_STS=1&SUPD_URS=0&SUPD_URSA=1&TYPENC=D&CLIENT_PHPVER=7.2.34&NGINX=Y&dbv=5.7.21&instm=main%2C20.0.650%2CY%3Blearning%2C17.5.1%2CN%3Bhighloadblock%2C20.0.100%2CN%3Bbitrix.siteinfoportal%2C15.5.0%2CN%3Bfileman%2C18.5.700%2CN%3Bphotogallery%2C20.0.0%2CN%3Brest%2C20.0.150%2CN%3Bvote%2C20.0.100%2CN%3Bbitrix.sitecorporate%2C15.5.0%2CN%3Bblog%2C20.0.0%2CN%3Bwebservice%2C18.0.0%2CN%3Breport%2C19.0.200%2CN%3Bsupport%2C16.0.0%2CN%3Bsubscribe%2C20.0.0%2CN%3Bstatistic%2C18.5.0%2CN%3Bmail%2C20.0.450%2CN%3Blanding%2C20.2.0%2CN%3Bmobileapp%2C19.0.200%2CN%3Bwiki%2C20.0.0%2CN%3Biblock%2C20.0.350%2CN%3Bworkflow%2C18.5.0%2CN%3Bim%2C19.0.850%2CN%3Bcurrency%2C19.0.100%2CN%3Bform%2C18.0.0%2CN%3Badvertising%2C20.0.0%2CN%3Bcompression%2C19.0.0%2CN%3Bbizprocdesigner%2C19.0.200%2CN%3Bpull%2C19.0.300%2CN%3Bsocialnetwork%2C20.0.250%2CN%3Bcalendar%2C19.0.600%2CN%3Bbitrixcloud%2C20.0.0%2CN%3Bsecurity%2C19.0.0%2CN%3Bbitrix.sitecommunity%2C15.5.0%2CN%3Bbitrix.eshop%2C20.5.0%2CN%3Blists%2C20.0.0%2CN%3Bui%2C20.0.200%2CN%3Babtest%2C18.5.0%2CN%3Bconversion%2C18.5.1%2CN%3Bforum%2C20.0.100%2CN%3Bsocialservices%2C19.0.200%2CN%3Bb24connector%2C18.5.0%2CN%3Bcatalog%2C20.0.0%2CN%3Bsberbank.ecom2%2C1.1.8%2CN%3Bclouds%2C20.0.0%2CN%3Bstoreassist%2C18.1.0%2CN%3Bsender%2C19.0.700%2CN%3Bmessageservice%2C20.0.0%2CN%3Bidea%2C17.5.1%2CN%3Bscale%2C17.5.0%2CN%3Bsearch%2C18.5.200%2CN%3Bperfmon%2C20.0.0%2CN%3Bseo%2C20.0.0%2CN%3Btranslate%2C19.0.100%2CN%3Bsale%2C20.0.275%2CN%3Bbizproc%2C20.0.200%2CN%3Bbitrix.sitepersonal%2C15.5.0%2CN&reqm=bitrix.eshop%2Csberbank.ecom2&lim=Y&SUPD_SRS=RU&SUPD_CMP=N
2023-04-03 12:29:29 -  - exec CUpdateClientPartner::GetHTTPPage
2023-04-03 12:29:29 -  - TIME LoadModulesUpdates(request) 0.245 sec
2023-04-03 12:29:29 -  - exec CUpdateClientPartner::ParseServerData
2023-04-03 12:29:29 - S - STEP
2023-04-03 12:29:29 - LMU01 - LoadModulesUpdates-Step
2023-04-03 12:29:29 -  - exec CUpdateClientPartner::LoadModulesUpdates
2023-04-03 12:29:29 -  - exec CUpdateClientPartner::ParseServerData
2023-04-03 12:29:29 -  - loadFile
2023-04-03 12:29:30 - U - RETURN
2023-04-03 12:29:30 -  - exec CUpdateClientPartner::UnGzipArchive
2023-04-03 12:29:30 -  - TIME UnGzipArchive 0.003 sec
2023-04-03 12:29:30 -  - TIME UpdateStepModules 0.004 sec
2023-04-03 12:29:30 - UPD_SUCCESS - Updated: sberbank.ecom2 (1.2.0)<br><ul> <li>Реализована поддержка коллбеков. Для включения поддержки коллбеков - после обновления модуля, необходимо cохранить настройки платежного обработчика. Если используется несколько платежных обработчиков для разных логинов (для подключения к API), необходимо сохранить настройки для каждого. Также для корректной поддержки коллбеков изменен формат передачи номера заказа на шлюз. Теперь он передается в формате Номер заказа _ Номер оплаты _ Попытка оплаты. Ранее был в виде: Номер заказа _ Попытка оплаты</li> <li>Улучшен функционал для предварительного форматирования телефона. Преобразование формата 8, к формату +7.</li> <li>Добавлена опция в настройках платежного обработчика \"Тип оплачиваемой позиции для доставки\"</li> </ul>
2023-04-03 12:29:30 -  - exec CUpdateClientPartner::LoadModulesUpdates
2023-04-03 12:29:30 -  - exec CUpdateClientPartner::__CollectRequestData
2023-04-03 12:29:30 -  - utf=Y&lang=ru&stable=Y&CANGZIP=Y&SUPD_DBS=MYSQL&XE=N&CLIENT_SITE=xxx00bcz.beget.tech&LICENSE_KEY=X&SUPD_STS=1&SUPD_URS=0&SUPD_URSA=1&TYPENC=D&CLIENT_PHPVER=7.2.34&NGINX=Y&dbv=5.7.21&instm=main%2C20.0.650%2CY%3Blearning%2C17.5.1%2CN%3Bhighloadblock%2C20.0.100%2CN%3Bbitrix.siteinfoportal%2C15.5.0%2CN%3Bfileman%2C18.5.700%2CN%3Bphotogallery%2C20.0.0%2CN%3Brest%2C20.0.150%2CN%3Bvote%2C20.0.100%2CN%3Bbitrix.sitecorporate%2C15.5.0%2CN%3Bblog%2C20.0.0%2CN%3Bwebservice%2C18.0.0%2CN%3Breport%2C19.0.200%2CN%3Bsupport%2C16.0.0%2CN%3Bsubscribe%2C20.0.0%2CN%3Bstatistic%2C18.5.0%2CN%3Bmail%2C20.0.450%2CN%3Blanding%2C20.2.0%2CN%3Bmobileapp%2C19.0.200%2CN%3Bwiki%2C20.0.0%2CN%3Biblock%2C20.0.350%2CN%3Bworkflow%2C18.5.0%2CN%3Bim%2C19.0.850%2CN%3Bcurrency%2C19.0.100%2CN%3Bform%2C18.0.0%2CN%3Badvertising%2C20.0.0%2CN%3Bcompression%2C19.0.0%2CN%3Bbizprocdesigner%2C19.0.200%2CN%3Bpull%2C19.0.300%2CN%3Bsocialnetwork%2C20.0.250%2CN%3Bcalendar%2C19.0.600%2CN%3Bbitrixcloud%2C20.0.0%2CN%3Bsecurity%2C19.0.0%2CN%3Bbitrix.sitecommunity%2C15.5.0%2CN%3Bbitrix.eshop%2C20.5.0%2CN%3Blists%2C20.0.0%2CN%3Bui%2C20.0.200%2CN%3Babtest%2C18.5.0%2CN%3Bconversion%2C18.5.1%2CN%3Bforum%2C20.0.100%2CN%3Bsocialservices%2C19.0.200%2CN%3Bb24connector%2C18.5.0%2CN%3Bcatalog%2C20.0.0%2CN%3Bsberbank.ecom2%2C1.2.0%2CN%3Bclouds%2C20.0.0%2CN%3Bstoreassist%2C18.1.0%2CN%3Bsender%2C19.0.700%2CN%3Bmessageservice%2C20.0.0%2CN%3Bidea%2C17.5.1%2CN%3Bscale%2C17.5.0%2CN%3Bsearch%2C18.5.200%2CN%3Bperfmon%2C20.0.0%2CN%3Bseo%2C20.0.0%2CN%3Btranslate%2C19.0.100%2CN%3Bsale%2C20.0.275%2CN%3Bbizproc%2C20.0.200%2CN%3Bbitrix.sitepersonal%2C15.5.0%2CN&reqm=bitrix.eshop%2Csberbank.ecom2&lim=Y&SUPD_SRS=RU&SUPD_CMP=N
2023-04-03 12:29:30 -  - exec CUpdateClientPartner::GetHTTPPage
2023-04-03 12:29:30 -  - TIME LoadModulesUpdates(request) 0.661 sec
2023-04-03 12:29:30 -  - exec CUpdateClientPartner::ParseServerData
2023-04-03 12:29:30 - S - STEP
2023-04-03 12:29:30 - LMU01 - LoadModulesUpdates-Step
2023-04-03 12:29:30 -  - exec CUpdateClientPartner::LoadModulesUpdates
2023-04-03 12:29:30 -  - exec CUpdateClientPartner::ParseServerData
2023-04-03 12:29:30 -  - loadFile
2023-04-03 12:29:31 - U - RETURN
2023-04-03 12:29:31 -  - exec CUpdateClientPartner::UnGzipArchive
2023-04-03 12:29:31 -  - TIME UnGzipArchive 0.001 sec
2023-04-03 12:29:31 -  - TIME UpdateStepModules 0.001 sec
2023-04-03 12:29:31 - UPD_SUCCESS - Updated: sberbank.ecom2 (1.2.1)<br>Техническое обновление
2023-04-03 12:29:31 -  - exec CUpdateClientPartner::LoadModulesUpdates
2023-04-03 12:29:31 -  - exec CUpdateClientPartner::__CollectRequestData
2023-04-03 12:29:31 -  - utf=Y&lang=ru&stable=Y&CANGZIP=Y&SUPD_DBS=MYSQL&XE=N&CLIENT_SITE=xxx00bcz.beget.tech&LICENSE_KEY=X&SUPD_STS=1&SUPD_URS=0&SUPD_URSA=1&TYPENC=D&CLIENT_PHPVER=7.2.34&NGINX=Y&dbv=5.7.21&instm=main%2C20.0.650%2CY%3Blearning%2C17.5.1%2CN%3Bhighloadblock%2C20.0.100%2CN%3Bbitrix.siteinfoportal%2C15.5.0%2CN%3Bfileman%2C18.5.700%2CN%3Bphotogallery%2C20.0.0%2CN%3Brest%2C20.0.150%2CN%3Bvote%2C20.0.100%2CN%3Bbitrix.sitecorporate%2C15.5.0%2CN%3Bblog%2C20.0.0%2CN%3Bwebservice%2C18.0.0%2CN%3Breport%2C19.0.200%2CN%3Bsupport%2C16.0.0%2CN%3Bsubscribe%2C20.0.0%2CN%3Bstatistic%2C18.5.0%2CN%3Bmail%2C20.0.450%2CN%3Blanding%2C20.2.0%2CN%3Bmobileapp%2C19.0.200%2CN%3Bwiki%2C20.0.0%2CN%3Biblock%2C20.0.350%2CN%3Bworkflow%2C18.5.0%2CN%3Bim%2C19.0.850%2CN%3Bcurrency%2C19.0.100%2CN%3Bform%2C18.0.0%2CN%3Badvertising%2C20.0.0%2CN%3Bcompression%2C19.0.0%2CN%3Bbizprocdesigner%2C19.0.200%2CN%3Bpull%2C19.0.300%2CN%3Bsocialnetwork%2C20.0.250%2CN%3Bcalendar%2C19.0.600%2CN%3Bbitrixcloud%2C20.0.0%2CN%3Bsecurity%2C19.0.0%2CN%3Bbitrix.sitecommunity%2C15.5.0%2CN%3Bbitrix.eshop%2C20.5.0%2CN%3Blists%2C20.0.0%2CN%3Bui%2C20.0.200%2CN%3Babtest%2C18.5.0%2CN%3Bconversion%2C18.5.1%2CN%3Bforum%2C20.0.100%2CN%3Bsocialservices%2C19.0.200%2CN%3Bb24connector%2C18.5.0%2CN%3Bcatalog%2C20.0.0%2CN%3Bsberbank.ecom2%2C1.2.1%2CN%3Bclouds%2C20.0.0%2CN%3Bstoreassist%2C18.1.0%2CN%3Bsender%2C19.0.700%2CN%3Bmessageservice%2C20.0.0%2CN%3Bidea%2C17.5.1%2CN%3Bscale%2C17.5.0%2CN%3Bsearch%2C18.5.200%2CN%3Bperfmon%2C20.0.0%2CN%3Bseo%2C20.0.0%2CN%3Btranslate%2C19.0.100%2CN%3Bsale%2C20.0.275%2CN%3Bbizproc%2C20.0.200%2CN%3Bbitrix.sitepersonal%2C15.5.0%2CN&reqm=bitrix.eshop%2Csberbank.ecom2&lim=Y&SUPD_SRS=RU&SUPD_CMP=N
2023-04-03 12:29:31 -  - exec CUpdateClientPartner::GetHTTPPage
2023-04-03 12:29:31 -  - TIME LoadModulesUpdates(request) 0.225 sec
2023-04-03 12:29:31 -  - exec CUpdateClientPartner::ParseServerData
2023-04-03 12:29:31 - S - STEP
2023-04-03 12:29:31 - LMU01 - LoadModulesUpdates-Step
2023-04-03 12:29:31 -  - exec CUpdateClientPartner::LoadModulesUpdates
2023-04-03 12:29:31 -  - exec CUpdateClientPartner::ParseServerData
2023-04-03 12:29:31 -  - loadFile
2023-04-03 12:29:31 - U - RETURN
2023-04-03 12:29:31 -  - exec CUpdateClientPartner::UnGzipArchive
2023-04-03 12:29:31 -  - TIME UnGzipArchive 0.001 sec
2023-04-03 12:29:31 -  - TIME UpdateStepModules 0.001 sec
2023-04-03 12:29:31 - UPD_SUCCESS - Updated: sberbank.ecom2 (1.2.2)<br>Техническое обновление
2023-04-03 12:29:31 -  - exec CUpdateClientPartner::LoadModulesUpdates
2023-04-03 12:29:31 -  - exec CUpdateClientPartner::__CollectRequestData
2023-04-03 12:29:31 -  - utf=Y&lang=ru&stable=Y&CANGZIP=Y&SUPD_DBS=MYSQL&XE=N&CLIENT_SITE=xxx00bcz.beget.tech&LICENSE_KEY=X&SUPD_STS=1&SUPD_URS=0&SUPD_URSA=1&TYPENC=D&CLIENT_PHPVER=7.2.34&NGINX=Y&dbv=5.7.21&instm=main%2C20.0.650%2CY%3Blearning%2C17.5.1%2CN%3Bhighloadblock%2C20.0.100%2CN%3Bbitrix.siteinfoportal%2C15.5.0%2CN%3Bfileman%2C18.5.700%2CN%3Bphotogallery%2C20.0.0%2CN%3Brest%2C20.0.150%2CN%3Bvote%2C20.0.100%2CN%3Bbitrix.sitecorporate%2C15.5.0%2CN%3Bblog%2C20.0.0%2CN%3Bwebservice%2C18.0.0%2CN%3Breport%2C19.0.200%2CN%3Bsupport%2C16.0.0%2CN%3Bsubscribe%2C20.0.0%2CN%3Bstatistic%2C18.5.0%2CN%3Bmail%2C20.0.450%2CN%3Blanding%2C20.2.0%2CN%3Bmobileapp%2C19.0.200%2CN%3Bwiki%2C20.0.0%2CN%3Biblock%2C20.0.350%2CN%3Bworkflow%2C18.5.0%2CN%3Bim%2C19.0.850%2CN%3Bcurrency%2C19.0.100%2CN%3Bform%2C18.0.0%2CN%3Badvertising%2C20.0.0%2CN%3Bcompression%2C19.0.0%2CN%3Bbizprocdesigner%2C19.0.200%2CN%3Bpull%2C19.0.300%2CN%3Bsocialnetwork%2C20.0.250%2CN%3Bcalendar%2C19.0.600%2CN%3Bbitrixcloud%2C20.0.0%2CN%3Bsecurity%2C19.0.0%2CN%3Bbitrix.sitecommunity%2C15.5.0%2CN%3Bbitrix.eshop%2C20.5.0%2CN%3Blists%2C20.0.0%2CN%3Bui%2C20.0.200%2CN%3Babtest%2C18.5.0%2CN%3Bconversion%2C18.5.1%2CN%3Bforum%2C20.0.100%2CN%3Bsocialservices%2C19.0.200%2CN%3Bb24connector%2C18.5.0%2CN%3Bcatalog%2C20.0.0%2CN%3Bsberbank.ecom2%2C1.2.2%2CN%3Bclouds%2C20.0.0%2CN%3Bstoreassist%2C18.1.0%2CN%3Bsender%2C19.0.700%2CN%3Bmessageservice%2C20.0.0%2CN%3Bidea%2C17.5.1%2CN%3Bscale%2C17.5.0%2CN%3Bsearch%2C18.5.200%2CN%3Bperfmon%2C20.0.0%2CN%3Bseo%2C20.0.0%2CN%3Btranslate%2C19.0.100%2CN%3Bsale%2C20.0.275%2CN%3Bbizproc%2C20.0.200%2CN%3Bbitrix.sitepersonal%2C15.5.0%2CN&reqm=bitrix.eshop%2Csberbank.ecom2&lim=Y&SUPD_SRS=RU&SUPD_CMP=N
2023-04-03 12:29:31 -  - exec CUpdateClientPartner::GetHTTPPage
2023-04-03 12:29:31 -  - TIME LoadModulesUpdates(request) 0.246 sec
2023-04-03 12:29:31 -  - exec CUpdateClientPartner::ParseServerData
2023-04-03 12:29:31 - S - STEP
2023-04-03 12:29:31 - LMU01 - LoadModulesUpdates-Step
2023-04-03 12:29:31 -  - exec CUpdateClientPartner::LoadModulesUpdates
2023-04-03 12:29:31 -  - exec CUpdateClientPartner::ParseServerData
2023-04-03 12:29:31 -  - loadFile
2023-04-03 12:29:32 - U - RETURN
2023-04-03 12:29:32 -  - exec CUpdateClientPartner::UnGzipArchive
2023-04-03 12:29:32 -  - TIME UnGzipArchive 0.001 sec
2023-04-03 12:29:32 -  - TIME UpdateStepModules 0.001 sec
2023-04-03 12:29:32 - UPD_SUCCESS - Updated: sberbank.ecom2 (1.2.3)<br>-Начиная с текущей версии модуль будет менять статусы заказа ТОЛЬКО при получении callback-уведомления со стороны шлюза. (Ранее статус оплаты и заказа менялся при возврате покупателя на сайт) Данная доработка исключит вероятность ошибки смены статуса оплаченного заказа, если клиент не вернется в магазин.
2023-04-03 12:29:32 -  - exec CUpdateClientPartner::LoadModulesUpdates
2023-04-03 12:29:32 -  - exec CUpdateClientPartner::__CollectRequestData
2023-04-03 12:29:32 -  - utf=Y&lang=ru&stable=Y&CANGZIP=Y&SUPD_DBS=MYSQL&XE=N&CLIENT_SITE=xxx00bcz.beget.tech&LICENSE_KEY=X&SUPD_STS=1&SUPD_URS=0&SUPD_URSA=1&TYPENC=D&CLIENT_PHPVER=7.2.34&NGINX=Y&dbv=5.7.21&instm=main%2C20.0.650%2CY%3Blearning%2C17.5.1%2CN%3Bhighloadblock%2C20.0.100%2CN%3Bbitrix.siteinfoportal%2C15.5.0%2CN%3Bfileman%2C18.5.700%2CN%3Bphotogallery%2C20.0.0%2CN%3Brest%2C20.0.150%2CN%3Bvote%2C20.0.100%2CN%3Bbitrix.sitecorporate%2C15.5.0%2CN%3Bblog%2C20.0.0%2CN%3Bwebservice%2C18.0.0%2CN%3Breport%2C19.0.200%2CN%3Bsupport%2C16.0.0%2CN%3Bsubscribe%2C20.0.0%2CN%3Bstatistic%2C18.5.0%2CN%3Bmail%2C20.0.450%2CN%3Blanding%2C20.2.0%2CN%3Bmobileapp%2C19.0.200%2CN%3Bwiki%2C20.0.0%2CN%3Biblock%2C20.0.350%2CN%3Bworkflow%2C18.5.0%2CN%3Bim%2C19.0.850%2CN%3Bcurrency%2C19.0.100%2CN%3Bform%2C18.0.0%2CN%3Badvertising%2C20.0.0%2CN%3Bcompression%2C19.0.0%2CN%3Bbizprocdesigner%2C19.0.200%2CN%3Bpull%2C19.0.300%2CN%3Bsocialnetwork%2C20.0.250%2CN%3Bcalendar%2C19.0.600%2CN%3Bbitrixcloud%2C20.0.0%2CN%3Bsecurity%2C19.0.0%2CN%3Bbitrix.sitecommunity%2C15.5.0%2CN%3Bbitrix.eshop%2C20.5.0%2CN%3Blists%2C20.0.0%2CN%3Bui%2C20.0.200%2CN%3Babtest%2C18.5.0%2CN%3Bconversion%2C18.5.1%2CN%3Bforum%2C20.0.100%2CN%3Bsocialservices%2C19.0.200%2CN%3Bb24connector%2C18.5.0%2CN%3Bcatalog%2C20.0.0%2CN%3Bsberbank.ecom2%2C1.2.3%2CN%3Bclouds%2C20.0.0%2CN%3Bstoreassist%2C18.1.0%2CN%3Bsender%2C19.0.700%2CN%3Bmessageservice%2C20.0.0%2CN%3Bidea%2C17.5.1%2CN%3Bscale%2C17.5.0%2CN%3Bsearch%2C18.5.200%2CN%3Bperfmon%2C20.0.0%2CN%3Bseo%2C20.0.0%2CN%3Btranslate%2C19.0.100%2CN%3Bsale%2C20.0.275%2CN%3Bbizproc%2C20.0.200%2CN%3Bbitrix.sitepersonal%2C15.5.0%2CN&reqm=bitrix.eshop%2Csberbank.ecom2&lim=Y&SUPD_SRS=RU&SUPD_CMP=N
2023-04-03 12:29:32 -  - exec CUpdateClientPartner::GetHTTPPage
2023-04-03 12:29:32 -  - TIME LoadModulesUpdates(request) 0.224 sec
2023-04-03 12:29:32 -  - exec CUpdateClientPartner::ParseServerData
2023-04-03 12:29:32 - S - STEP
2023-04-03 12:29:32 - LMU01 - LoadModulesUpdates-Step
2023-04-03 12:29:32 -  - exec CUpdateClientPartner::LoadModulesUpdates
2023-04-03 12:29:32 -  - exec CUpdateClientPartner::ParseServerData
2023-04-03 12:29:32 -  - loadFile
2023-04-03 12:29:32 - U - RETURN
2023-04-03 12:29:32 -  - exec CUpdateClientPartner::UnGzipArchive
2023-04-03 12:29:32 -  - TIME UnGzipArchive 0.001 sec
2023-04-03 12:29:32 -  - TIME UpdateStepModules 0.001 sec
2023-04-03 12:29:32 - UPD_SUCCESS - Updated: sberbank.ecom2 (1.2.4)<br>Техническое обновление
2023-04-03 12:29:32 -  - exec CUpdateClientPartner::LoadModulesUpdates
2023-04-03 12:29:32 -  - exec CUpdateClientPartner::__CollectRequestData
2023-04-03 12:29:32 -  - utf=Y&lang=ru&stable=Y&CANGZIP=Y&SUPD_DBS=MYSQL&XE=N&CLIENT_SITE=xxx00bcz.beget.tech&LICENSE_KEY=X&SUPD_STS=1&SUPD_URS=0&SUPD_URSA=1&TYPENC=D&CLIENT_PHPVER=7.2.34&NGINX=Y&dbv=5.7.21&instm=main%2C20.0.650%2CY%3Blearning%2C17.5.1%2CN%3Bhighloadblock%2C20.0.100%2CN%3Bbitrix.siteinfoportal%2C15.5.0%2CN%3Bfileman%2C18.5.700%2CN%3Bphotogallery%2C20.0.0%2CN%3Brest%2C20.0.150%2CN%3Bvote%2C20.0.100%2CN%3Bbitrix.sitecorporate%2C15.5.0%2CN%3Bblog%2C20.0.0%2CN%3Bwebservice%2C18.0.0%2CN%3Breport%2C19.0.200%2CN%3Bsupport%2C16.0.0%2CN%3Bsubscribe%2C20.0.0%2CN%3Bstatistic%2C18.5.0%2CN%3Bmail%2C20.0.450%2CN%3Blanding%2C20.2.0%2CN%3Bmobileapp%2C19.0.200%2CN%3Bwiki%2C20.0.0%2CN%3Biblock%2C20.0.350%2CN%3Bworkflow%2C18.5.0%2CN%3Bim%2C19.0.850%2CN%3Bcurrency%2C19.0.100%2CN%3Bform%2C18.0.0%2CN%3Badvertising%2C20.0.0%2CN%3Bcompression%2C19.0.0%2CN%3Bbizprocdesigner%2C19.0.200%2CN%3Bpull%2C19.0.300%2CN%3Bsocialnetwork%2C20.0.250%2CN%3Bcalendar%2C19.0.600%2CN%3Bbitrixcloud%2C20.0.0%2CN%3Bsecurity%2C19.0.0%2CN%3Bbitrix.sitecommunity%2C15.5.0%2CN%3Bbitrix.eshop%2C20.5.0%2CN%3Blists%2C20.0.0%2CN%3Bui%2C20.0.200%2CN%3Babtest%2C18.5.0%2CN%3Bconversion%2C18.5.1%2CN%3Bforum%2C20.0.100%2CN%3Bsocialservices%2C19.0.200%2CN%3Bb24connector%2C18.5.0%2CN%3Bcatalog%2C20.0.0%2CN%3Bsberbank.ecom2%2C1.2.4%2CN%3Bclouds%2C20.0.0%2CN%3Bstoreassist%2C18.1.0%2CN%3Bsender%2C19.0.700%2CN%3Bmessageservice%2C20.0.0%2CN%3Bidea%2C17.5.1%2CN%3Bscale%2C17.5.0%2CN%3Bsearch%2C18.5.200%2CN%3Bperfmon%2C20.0.0%2CN%3Bseo%2C20.0.0%2CN%3Btranslate%2C19.0.100%2CN%3Bsale%2C20.0.275%2CN%3Bbizproc%2C20.0.200%2CN%3Bbitrix.sitepersonal%2C15.5.0%2CN&reqm=bitrix.eshop%2Csberbank.ecom2&lim=Y&SUPD_SRS=RU&SUPD_CMP=N
2023-04-03 12:29:32 -  - exec CUpdateClientPartner::GetHTTPPage
2023-04-03 12:29:32 -  - TIME LoadModulesUpdates(request) 0.226 sec
2023-04-03 12:29:32 -  - exec CUpdateClientPartner::ParseServerData
2023-04-03 12:29:32 - S - STEP
2023-04-03 12:29:32 - LMU01 - LoadModulesUpdates-Step
2023-04-03 12:29:32 -  - exec CUpdateClientPartner::LoadModulesUpdates
2023-04-03 12:29:32 -  - exec CUpdateClientPartner::ParseServerData
2023-04-03 12:29:32 -  - loadFile
2023-04-03 12:29:33 - U - RETURN
2023-04-03 12:29:33 -  - exec CUpdateClientPartner::UnGzipArchive
2023-04-03 12:29:33 -  - TIME UnGzipArchive 0.004 sec
2023-04-03 12:29:33 -  - TIME UpdateStepModules 0.005 sec
2023-04-03 12:29:33 - UPD_SUCCESS - Updated: sberbank.ecom2 (1.3.0)<br><ul> <li>Изменен функционал для смены статуса заказа. Начиная с текущей версии, модуль имеет возможность менять заказа как и при возвращении покупателя на сайт, так и при возвращении callback-уведомления. Чтобы включить поддержку callback-уведомлений, необходимо сохранить настройки платежного обработчика.</li> <li>Доработка шаблона, увеличина специфичность стилей для отображения кнопки оплаты.</li> <li>Добавлены правила исключения автоматическиго редиректа для страницы \"/personal/orders/\"</li> </ul>
2023-04-03 12:29:33 -  - exec CUpdateClientPartner::LoadModulesUpdates
2023-04-03 12:29:33 -  - exec CUpdateClientPartner::__CollectRequestData
2023-04-03 12:29:33 -  - utf=Y&lang=ru&stable=Y&CANGZIP=Y&SUPD_DBS=MYSQL&XE=N&CLIENT_SITE=xxx00bcz.beget.tech&LICENSE_KEY=X&SUPD_STS=1&SUPD_URS=0&SUPD_URSA=1&TYPENC=D&CLIENT_PHPVER=7.2.34&NGINX=Y&dbv=5.7.21&instm=main%2C20.0.650%2CY%3Blearning%2C17.5.1%2CN%3Bhighloadblock%2C20.0.100%2CN%3Bbitrix.siteinfoportal%2C15.5.0%2CN%3Bfileman%2C18.5.700%2CN%3Bphotogallery%2C20.0.0%2CN%3Brest%2C20.0.150%2CN%3Bvote%2C20.0.100%2CN%3Bbitrix.sitecorporate%2C15.5.0%2CN%3Bblog%2C20.0.0%2CN%3Bwebservice%2C18.0.0%2CN%3Breport%2C19.0.200%2CN%3Bsupport%2C16.0.0%2CN%3Bsubscribe%2C20.0.0%2CN%3Bstatistic%2C18.5.0%2CN%3Bmail%2C20.0.450%2CN%3Blanding%2C20.2.0%2CN%3Bmobileapp%2C19.0.200%2CN%3Bwiki%2C20.0.0%2CN%3Biblock%2C20.0.350%2CN%3Bworkflow%2C18.5.0%2CN%3Bim%2C19.0.850%2CN%3Bcurrency%2C19.0.100%2CN%3Bform%2C18.0.0%2CN%3Badvertising%2C20.0.0%2CN%3Bcompression%2C19.0.0%2CN%3Bbizprocdesigner%2C19.0.200%2CN%3Bpull%2C19.0.300%2CN%3Bsocialnetwork%2C20.0.250%2CN%3Bcalendar%2C19.0.600%2CN%3Bbitrixcloud%2C20.0.0%2CN%3Bsecurity%2C19.0.0%2CN%3Bbitrix.sitecommunity%2C15.5.0%2CN%3Bbitrix.eshop%2C20.5.0%2CN%3Blists%2C20.0.0%2CN%3Bui%2C20.0.200%2CN%3Babtest%2C18.5.0%2CN%3Bconversion%2C18.5.1%2CN%3Bforum%2C20.0.100%2CN%3Bsocialservices%2C19.0.200%2CN%3Bb24connector%2C18.5.0%2CN%3Bcatalog%2C20.0.0%2CN%3Bsberbank.ecom2%2C1.3.0%2CN%3Bclouds%2C20.0.0%2CN%3Bstoreassist%2C18.1.0%2CN%3Bsender%2C19.0.700%2CN%3Bmessageservice%2C20.0.0%2CN%3Bidea%2C17.5.1%2CN%3Bscale%2C17.5.0%2CN%3Bsearch%2C18.5.200%2CN%3Bperfmon%2C20.0.0%2CN%3Bseo%2C20.0.0%2CN%3Btranslate%2C19.0.100%2CN%3Bsale%2C20.0.275%2CN%3Bbizproc%2C20.0.200%2CN%3Bbitrix.sitepersonal%2C15.5.0%2CN&reqm=bitrix.eshop%2Csberbank.ecom2&lim=Y&SUPD_SRS=RU&SUPD_CMP=N
2023-04-03 12:29:33 -  - exec CUpdateClientPartner::GetHTTPPage
2023-04-03 12:29:33 -  - TIME LoadModulesUpdates(request) 0.231 sec
2023-04-03 12:29:33 -  - exec CUpdateClientPartner::ParseServerData
2023-04-03 12:29:33 - S - STEP
2023-04-03 12:29:33 - LMU01 - LoadModulesUpdates-Step
2023-04-03 12:29:33 -  - exec CUpdateClientPartner::LoadModulesUpdates
2023-04-03 12:29:33 -  - exec CUpdateClientPartner::ParseServerData
2023-04-03 12:29:33 -  - loadFile
2023-04-03 12:29:33 - U - RETURN
2023-04-03 12:29:33 -  - exec CUpdateClientPartner::UnGzipArchive
2023-04-03 12:29:33 -  - TIME UnGzipArchive 0.001 sec
2023-04-03 12:29:33 -  - TIME UpdateStepModules 0.001 sec
2023-04-03 12:29:33 - UPD_SUCCESS - Updated: sberbank.ecom2 (1.3.1)<br>Техническое обновление
2023-04-03 12:29:33 -  - exec CUpdateClientPartner::LoadModulesUpdates
2023-04-03 12:29:33 -  - exec CUpdateClientPartner::__CollectRequestData
2023-04-03 12:29:33 -  - utf=Y&lang=ru&stable=Y&CANGZIP=Y&SUPD_DBS=MYSQL&XE=N&CLIENT_SITE=xxx00bcz.beget.tech&LICENSE_KEY=X&SUPD_STS=1&SUPD_URS=0&SUPD_URSA=1&TYPENC=D&CLIENT_PHPVER=7.2.34&NGINX=Y&dbv=5.7.21&instm=main%2C20.0.650%2CY%3Blearning%2C17.5.1%2CN%3Bhighloadblock%2C20.0.100%2CN%3Bbitrix.siteinfoportal%2C15.5.0%2CN%3Bfileman%2C18.5.700%2CN%3Bphotogallery%2C20.0.0%2CN%3Brest%2C20.0.150%2CN%3Bvote%2C20.0.100%2CN%3Bbitrix.sitecorporate%2C15.5.0%2CN%3Bblog%2C20.0.0%2CN%3Bwebservice%2C18.0.0%2CN%3Breport%2C19.0.200%2CN%3Bsupport%2C16.0.0%2CN%3Bsubscribe%2C20.0.0%2CN%3Bstatistic%2C18.5.0%2CN%3Bmail%2C20.0.450%2CN%3Blanding%2C20.2.0%2CN%3Bmobileapp%2C19.0.200%2CN%3Bwiki%2C20.0.0%2CN%3Biblock%2C20.0.350%2CN%3Bworkflow%2C18.5.0%2CN%3Bim%2C19.0.850%2CN%3Bcurrency%2C19.0.100%2CN%3Bform%2C18.0.0%2CN%3Badvertising%2C20.0.0%2CN%3Bcompression%2C19.0.0%2CN%3Bbizprocdesigner%2C19.0.200%2CN%3Bpull%2C19.0.300%2CN%3Bsocialnetwork%2C20.0.250%2CN%3Bcalendar%2C19.0.600%2CN%3Bbitrixcloud%2C20.0.0%2CN%3Bsecurity%2C19.0.0%2CN%3Bbitrix.sitecommunity%2C15.5.0%2CN%3Bbitrix.eshop%2C20.5.0%2CN%3Blists%2C20.0.0%2CN%3Bui%2C20.0.200%2CN%3Babtest%2C18.5.0%2CN%3Bconversion%2C18.5.1%2CN%3Bforum%2C20.0.100%2CN%3Bsocialservices%2C19.0.200%2CN%3Bb24connector%2C18.5.0%2CN%3Bcatalog%2C20.0.0%2CN%3Bsberbank.ecom2%2C1.3.1%2CN%3Bclouds%2C20.0.0%2CN%3Bstoreassist%2C18.1.0%2CN%3Bsender%2C19.0.700%2CN%3Bmessageservice%2C20.0.0%2CN%3Bidea%2C17.5.1%2CN%3Bscale%2C17.5.0%2CN%3Bsearch%2C18.5.200%2CN%3Bperfmon%2C20.0.0%2CN%3Bseo%2C20.0.0%2CN%3Btranslate%2C19.0.100%2CN%3Bsale%2C20.0.275%2CN%3Bbizproc%2C20.0.200%2CN%3Bbitrix.sitepersonal%2C15.5.0%2CN&reqm=bitrix.eshop%2Csberbank.ecom2&lim=Y&SUPD_SRS=RU&SUPD_CMP=N
2023-04-03 12:29:33 -  - exec CUpdateClientPartner::GetHTTPPage
2023-04-03 12:29:34 -  - TIME LoadModulesUpdates(request) 0.24 sec
2023-04-03 12:29:34 -  - exec CUpdateClientPartner::ParseServerData
2023-04-03 12:29:34 - S - STEP
2023-04-03 12:29:34 - LMU01 - LoadModulesUpdates-Step
2023-04-03 12:29:34 -  - exec CUpdateClientPartner::LoadModulesUpdates
2023-04-03 12:29:34 -  - exec CUpdateClientPartner::ParseServerData
2023-04-03 12:29:34 -  - loadFile
2023-04-03 12:29:34 - U - RETURN
2023-04-03 12:29:34 -  - exec CUpdateClientPartner::UnGzipArchive
2023-04-03 12:29:34 -  - TIME UnGzipArchive 0.002 sec
2023-04-03 12:29:34 -  - TIME UpdateStepModules 0.002 sec
2023-04-03 12:29:34 - UPD_SUCCESS - Updated: sberbank.ecom2 (1.3.2)<br>-В настройках модуля добавлен параметр \"НДС по умолчанию\", т.к. в битрикс нет возможности указывать такие типы НДС как \"10/110\",\"20/120\". Указанный у товара НДС, будет переопределять данный параметр. -Улучшена логика обработки коллбеков
2023-04-03 12:29:34 -  - exec CUpdateClientPartner::LoadModulesUpdates
2023-04-03 12:29:34 -  - exec CUpdateClientPartner::__CollectRequestData
2023-04-03 12:29:34 -  - utf=Y&lang=ru&stable=Y&CANGZIP=Y&SUPD_DBS=MYSQL&XE=N&CLIENT_SITE=xxx00bcz.beget.tech&LICENSE_KEY=X&SUPD_STS=1&SUPD_URS=0&SUPD_URSA=1&TYPENC=D&CLIENT_PHPVER=7.2.34&NGINX=Y&dbv=5.7.21&instm=main%2C20.0.650%2CY%3Blearning%2C17.5.1%2CN%3Bhighloadblock%2C20.0.100%2CN%3Bbitrix.siteinfoportal%2C15.5.0%2CN%3Bfileman%2C18.5.700%2CN%3Bphotogallery%2C20.0.0%2CN%3Brest%2C20.0.150%2CN%3Bvote%2C20.0.100%2CN%3Bbitrix.sitecorporate%2C15.5.0%2CN%3Bblog%2C20.0.0%2CN%3Bwebservice%2C18.0.0%2CN%3Breport%2C19.0.200%2CN%3Bsupport%2C16.0.0%2CN%3Bsubscribe%2C20.0.0%2CN%3Bstatistic%2C18.5.0%2CN%3Bmail%2C20.0.450%2CN%3Blanding%2C20.2.0%2CN%3Bmobileapp%2C19.0.200%2CN%3Bwiki%2C20.0.0%2CN%3Biblock%2C20.0.350%2CN%3Bworkflow%2C18.5.0%2CN%3Bim%2C19.0.850%2CN%3Bcurrency%2C19.0.100%2CN%3Bform%2C18.0.0%2CN%3Badvertising%2C20.0.0%2CN%3Bcompression%2C19.0.0%2CN%3Bbizprocdesigner%2C19.0.200%2CN%3Bpull%2C19.0.300%2CN%3Bsocialnetwork%2C20.0.250%2CN%3Bcalendar%2C19.0.600%2CN%3Bbitrixcloud%2C20.0.0%2CN%3Bsecurity%2C19.0.0%2CN%3Bbitrix.sitecommunity%2C15.5.0%2CN%3Bbitrix.eshop%2C20.5.0%2CN%3Blists%2C20.0.0%2CN%3Bui%2C20.0.200%2CN%3Babtest%2C18.5.0%2CN%3Bconversion%2C18.5.1%2CN%3Bforum%2C20.0.100%2CN%3Bsocialservices%2C19.0.200%2CN%3Bb24connector%2C18.5.0%2CN%3Bcatalog%2C20.0.0%2CN%3Bsberbank.ecom2%2C1.3.2%2CN%3Bclouds%2C20.0.0%2CN%3Bstoreassist%2C18.1.0%2CN%3Bsender%2C19.0.700%2CN%3Bmessageservice%2C20.0.0%2CN%3Bidea%2C17.5.1%2CN%3Bscale%2C17.5.0%2CN%3Bsearch%2C18.5.200%2CN%3Bperfmon%2C20.0.0%2CN%3Bseo%2C20.0.0%2CN%3Btranslate%2C19.0.100%2CN%3Bsale%2C20.0.275%2CN%3Bbizproc%2C20.0.200%2CN%3Bbitrix.sitepersonal%2C15.5.0%2CN&reqm=bitrix.eshop%2Csberbank.ecom2&lim=Y&SUPD_SRS=RU&SUPD_CMP=N
2023-04-03 12:29:34 -  - exec CUpdateClientPartner::GetHTTPPage
2023-04-03 12:29:34 -  - TIME LoadModulesUpdates(request) 0.263 sec
2023-04-03 12:29:34 -  - exec CUpdateClientPartner::ParseServerData
2023-04-03 12:29:34 - S - STEP
2023-04-03 12:29:34 - LMU01 - LoadModulesUpdates-Step
2023-04-03 12:29:34 -  - exec CUpdateClientPartner::LoadModulesUpdates
2023-04-03 12:29:34 -  - exec CUpdateClientPartner::ParseServerData
2023-04-03 12:29:34 -  - loadFile
2023-04-03 12:29:34 - U - RETURN
2023-04-03 12:29:34 -  - exec CUpdateClientPartner::UnGzipArchive
2023-04-03 12:29:34 -  - TIME UnGzipArchive 0.001 sec
2023-04-03 12:29:34 -  - TIME UpdateStepModules 0.001 sec
2023-04-03 12:29:34 - UPD_SUCCESS - Updated: sberbank.ecom2 (1.3.3)<br>-Добавлена проверка на возможность использования метода setPaymentUrl, с целью предотвращения ошибки в версиях битрикс ниже 20.2
2023-04-03 12:29:34 -  - exec CUpdateClientPartner::LoadModulesUpdates
2023-04-03 12:29:34 -  - exec CUpdateClientPartner::__CollectRequestData
2023-04-03 12:29:34 -  - utf=Y&lang=ru&stable=Y&CANGZIP=Y&SUPD_DBS=MYSQL&XE=N&CLIENT_SITE=xxx00bcz.beget.tech&LICENSE_KEY=X&SUPD_STS=1&SUPD_URS=0&SUPD_URSA=1&TYPENC=D&CLIENT_PHPVER=7.2.34&NGINX=Y&dbv=5.7.21&instm=main%2C20.0.650%2CY%3Blearning%2C17.5.1%2CN%3Bhighloadblock%2C20.0.100%2CN%3Bbitrix.siteinfoportal%2C15.5.0%2CN%3Bfileman%2C18.5.700%2CN%3Bphotogallery%2C20.0.0%2CN%3Brest%2C20.0.150%2CN%3Bvote%2C20.0.100%2CN%3Bbitrix.sitecorporate%2C15.5.0%2CN%3Bblog%2C20.0.0%2CN%3Bwebservice%2C18.0.0%2CN%3Breport%2C19.0.200%2CN%3Bsupport%2C16.0.0%2CN%3Bsubscribe%2C20.0.0%2CN%3Bstatistic%2C18.5.0%2CN%3Bmail%2C20.0.450%2CN%3Blanding%2C20.2.0%2CN%3Bmobileapp%2C19.0.200%2CN%3Bwiki%2C20.0.0%2CN%3Biblock%2C20.0.350%2CN%3Bworkflow%2C18.5.0%2CN%3Bim%2C19.0.850%2CN%3Bcurrency%2C19.0.100%2CN%3Bform%2C18.0.0%2CN%3Badvertising%2C20.0.0%2CN%3Bcompression%2C19.0.0%2CN%3Bbizprocdesigner%2C19.0.200%2CN%3Bpull%2C19.0.300%2CN%3Bsocialnetwork%2C20.0.250%2CN%3Bcalendar%2C19.0.600%2CN%3Bbitrixcloud%2C20.0.0%2CN%3Bsecurity%2C19.0.0%2CN%3Bbitrix.sitecommunity%2C15.5.0%2CN%3Bbitrix.eshop%2C20.5.0%2CN%3Blists%2C20.0.0%2CN%3Bui%2C20.0.200%2CN%3Babtest%2C18.5.0%2CN%3Bconversion%2C18.5.1%2CN%3Bforum%2C20.0.100%2CN%3Bsocialservices%2C19.0.200%2CN%3Bb24connector%2C18.5.0%2CN%3Bcatalog%2C20.0.0%2CN%3Bsberbank.ecom2%2C1.3.3%2CN%3Bclouds%2C20.0.0%2CN%3Bstoreassist%2C18.1.0%2CN%3Bsender%2C19.0.700%2CN%3Bmessageservice%2C20.0.0%2CN%3Bidea%2C17.5.1%2CN%3Bscale%2C17.5.0%2CN%3Bsearch%2C18.5.200%2CN%3Bperfmon%2C20.0.0%2CN%3Bseo%2C20.0.0%2CN%3Btranslate%2C19.0.100%2CN%3Bsale%2C20.0.275%2CN%3Bbizproc%2C20.0.200%2CN%3Bbitrix.sitepersonal%2C15.5.0%2CN&reqm=bitrix.eshop%2Csberbank.ecom2&lim=Y&SUPD_SRS=RU&SUPD_CMP=N
2023-04-03 12:29:34 -  - exec CUpdateClientPartner::GetHTTPPage
2023-04-03 12:29:35 -  - TIME LoadModulesUpdates(request) 0.254 sec
2023-04-03 12:29:35 -  - exec CUpdateClientPartner::ParseServerData
2023-04-03 12:29:35 - S - STEP
2023-04-03 12:29:35 - LMU01 - LoadModulesUpdates-Step
2023-04-03 12:29:35 -  - exec CUpdateClientPartner::LoadModulesUpdates
2023-04-03 12:29:35 -  - exec CUpdateClientPartner::ParseServerData
2023-04-03 12:29:35 -  - loadFile
2023-04-03 12:29:35 - U - RETURN
2023-04-03 12:29:35 -  - exec CUpdateClientPartner::UnGzipArchive
2023-04-03 12:29:35 -  - TIME UnGzipArchive 0.002 sec
2023-04-03 12:29:35 -  - TIME UpdateStepModules 0.002 sec
2023-04-03 12:29:35 - UPD_SUCCESS - Updated: sberbank.ecom2 (1.3.4)<br>Техническое обновление
2023-04-03 12:29:35 -  - exec CUpdateClientPartner::LoadModulesUpdates
2023-04-03 12:29:35 -  - exec CUpdateClientPartner::__CollectRequestData
2023-04-03 12:29:35 -  - utf=Y&lang=ru&stable=Y&CANGZIP=Y&SUPD_DBS=MYSQL&XE=N&CLIENT_SITE=xxx00bcz.beget.tech&LICENSE_KEY=X&SUPD_STS=1&SUPD_URS=0&SUPD_URSA=1&TYPENC=D&CLIENT_PHPVER=7.2.34&NGINX=Y&dbv=5.7.21&instm=main%2C20.0.650%2CY%3Blearning%2C17.5.1%2CN%3Bhighloadblock%2C20.0.100%2CN%3Bbitrix.siteinfoportal%2C15.5.0%2CN%3Bfileman%2C18.5.700%2CN%3Bphotogallery%2C20.0.0%2CN%3Brest%2C20.0.150%2CN%3Bvote%2C20.0.100%2CN%3Bbitrix.sitecorporate%2C15.5.0%2CN%3Bblog%2C20.0.0%2CN%3Bwebservice%2C18.0.0%2CN%3Breport%2C19.0.200%2CN%3Bsupport%2C16.0.0%2CN%3Bsubscribe%2C20.0.0%2CN%3Bstatistic%2C18.5.0%2CN%3Bmail%2C20.0.450%2CN%3Blanding%2C20.2.0%2CN%3Bmobileapp%2C19.0.200%2CN%3Bwiki%2C20.0.0%2CN%3Biblock%2C20.0.350%2CN%3Bworkflow%2C18.5.0%2CN%3Bim%2C19.0.850%2CN%3Bcurrency%2C19.0.100%2CN%3Bform%2C18.0.0%2CN%3Badvertising%2C20.0.0%2CN%3Bcompression%2C19.0.0%2CN%3Bbizprocdesigner%2C19.0.200%2CN%3Bpull%2C19.0.300%2CN%3Bsocialnetwork%2C20.0.250%2CN%3Bcalendar%2C19.0.600%2CN%3Bbitrixcloud%2C20.0.0%2CN%3Bsecurity%2C19.0.0%2CN%3Bbitrix.sitecommunity%2C15.5.0%2CN%3Bbitrix.eshop%2C20.5.0%2CN%3Blists%2C20.0.0%2CN%3Bui%2C20.0.200%2CN%3Babtest%2C18.5.0%2CN%3Bconversion%2C18.5.1%2CN%3Bforum%2C20.0.100%2CN%3Bsocialservices%2C19.0.200%2CN%3Bb24connector%2C18.5.0%2CN%3Bcatalog%2C20.0.0%2CN%3Bsberbank.ecom2%2C1.3.4%2CN%3Bclouds%2C20.0.0%2CN%3Bstoreassist%2C18.1.0%2CN%3Bsender%2C19.0.700%2CN%3Bmessageservice%2C20.0.0%2CN%3Bidea%2C17.5.1%2CN%3Bscale%2C17.5.0%2CN%3Bsearch%2C18.5.200%2CN%3Bperfmon%2C20.0.0%2CN%3Bseo%2C20.0.0%2CN%3Btranslate%2C19.0.100%2CN%3Bsale%2C20.0.275%2CN%3Bbizproc%2C20.0.200%2CN%3Bbitrix.sitepersonal%2C15.5.0%2CN&reqm=bitrix.eshop%2Csberbank.ecom2&lim=Y&SUPD_SRS=RU&SUPD_CMP=N
2023-04-03 12:29:35 -  - exec CUpdateClientPartner::GetHTTPPage
2023-04-03 12:29:35 -  - TIME LoadModulesUpdates(request) 0.249 sec
2023-04-03 12:29:35 -  - exec CUpdateClientPartner::ParseServerData
2023-04-03 12:29:35 - S - STEP
2023-04-03 12:29:35 - LMU01 - LoadModulesUpdates-Step
2023-04-03 12:29:35 -  - exec CUpdateClientPartner::LoadModulesUpdates
2023-04-03 12:29:35 -  - exec CUpdateClientPartner::ParseServerData
2023-04-03 12:29:35 -  - loadFile
2023-04-03 12:29:35 - U - RETURN
2023-04-03 12:29:35 -  - exec CUpdateClientPartner::UnGzipArchive
2023-04-03 12:29:35 -  - TIME UnGzipArchive 0.003 sec
2023-04-03 12:29:35 -  - TIME UpdateStepModules 0.004 sec
2023-04-03 12:29:35 - UPD_SUCCESS - Updated: sberbank.ecom2 (1.3.5)<br>Техническое обновление
2023-04-03 12:29:36 -  - exec CUpdateClientPartner::LoadModulesUpdates
2023-04-03 12:29:36 -  - exec CUpdateClientPartner::__CollectRequestData
2023-04-03 12:29:36 -  - utf=Y&lang=ru&stable=Y&CANGZIP=Y&SUPD_DBS=MYSQL&XE=N&CLIENT_SITE=xxx00bcz.beget.tech&LICENSE_KEY=X&SUPD_STS=1&SUPD_URS=0&SUPD_URSA=1&TYPENC=D&CLIENT_PHPVER=7.2.34&NGINX=Y&dbv=5.7.21&instm=main%2C20.0.650%2CY%3Blearning%2C17.5.1%2CN%3Bhighloadblock%2C20.0.100%2CN%3Bbitrix.siteinfoportal%2C15.5.0%2CN%3Bfileman%2C18.5.700%2CN%3Bphotogallery%2C20.0.0%2CN%3Brest%2C20.0.150%2CN%3Bvote%2C20.0.100%2CN%3Bbitrix.sitecorporate%2C15.5.0%2CN%3Bblog%2C20.0.0%2CN%3Bwebservice%2C18.0.0%2CN%3Breport%2C19.0.200%2CN%3Bsupport%2C16.0.0%2CN%3Bsubscribe%2C20.0.0%2CN%3Bstatistic%2C18.5.0%2CN%3Bmail%2C20.0.450%2CN%3Blanding%2C20.2.0%2CN%3Bmobileapp%2C19.0.200%2CN%3Bwiki%2C20.0.0%2CN%3Biblock%2C20.0.350%2CN%3Bworkflow%2C18.5.0%2CN%3Bim%2C19.0.850%2CN%3Bcurrency%2C19.0.100%2CN%3Bform%2C18.0.0%2CN%3Badvertising%2C20.0.0%2CN%3Bcompression%2C19.0.0%2CN%3Bbizprocdesigner%2C19.0.200%2CN%3Bpull%2C19.0.300%2CN%3Bsocialnetwork%2C20.0.250%2CN%3Bcalendar%2C19.0.600%2CN%3Bbitrixcloud%2C20.0.0%2CN%3Bsecurity%2C19.0.0%2CN%3Bbitrix.sitecommunity%2C15.5.0%2CN%3Bbitrix.eshop%2C20.5.0%2CN%3Blists%2C20.0.0%2CN%3Bui%2C20.0.200%2CN%3Babtest%2C18.5.0%2CN%3Bconversion%2C18.5.1%2CN%3Bforum%2C20.0.100%2CN%3Bsocialservices%2C19.0.200%2CN%3Bb24connector%2C18.5.0%2CN%3Bcatalog%2C20.0.0%2CN%3Bsberbank.ecom2%2C1.3.5%2CN%3Bclouds%2C20.0.0%2CN%3Bstoreassist%2C18.1.0%2CN%3Bsender%2C19.0.700%2CN%3Bmessageservice%2C20.0.0%2CN%3Bidea%2C17.5.1%2CN%3Bscale%2C17.5.0%2CN%3Bsearch%2C18.5.200%2CN%3Bperfmon%2C20.0.0%2CN%3Bseo%2C20.0.0%2CN%3Btranslate%2C19.0.100%2CN%3Bsale%2C20.0.275%2CN%3Bbizproc%2C20.0.200%2CN%3Bbitrix.sitepersonal%2C15.5.0%2CN&reqm=bitrix.eshop%2Csberbank.ecom2&lim=Y&SUPD_SRS=RU&SUPD_CMP=N
2023-04-03 12:29:36 -  - exec CUpdateClientPartner::GetHTTPPage
2023-04-03 12:29:36 -  - TIME LoadModulesUpdates(request) 0.22 sec
2023-04-03 12:29:36 -  - exec CUpdateClientPartner::ParseServerData
2023-04-03 12:29:36 - S - STEP
2023-04-03 12:29:36 - LMU01 - LoadModulesUpdates-Step
2023-04-03 12:29:36 -  - exec CUpdateClientPartner::LoadModulesUpdates
2023-04-03 12:29:36 -  - exec CUpdateClientPartner::ParseServerData
2023-04-03 12:29:36 -  - loadFile
2023-04-03 12:29:36 - U - RETURN
2023-04-03 12:29:36 -  - exec CUpdateClientPartner::UnGzipArchive
2023-04-03 12:29:36 -  - TIME UnGzipArchive 0.003 sec
2023-04-03 12:29:36 -  - TIME UpdateStepModules 0.005 sec
2023-04-03 12:29:36 - UPD_SUCCESS - Updated: sberbank.ecom2 (1.3.6)<br>-Добавлена поддержка ффд 1.2. -Изменено значение по умолчанию для настройки модуля \"НДС по умолчанию\" с 0 на 20%.
2023-04-03 12:29:36 -  - exec CUpdateClientPartner::LoadModulesUpdates
2023-04-03 12:29:36 -  - exec CUpdateClientPartner::__CollectRequestData
2023-04-03 12:29:36 -  - utf=Y&lang=ru&stable=Y&CANGZIP=Y&SUPD_DBS=MYSQL&XE=N&CLIENT_SITE=xxx00bcz.beget.tech&LICENSE_KEY=X&SUPD_STS=1&SUPD_URS=0&SUPD_URSA=1&TYPENC=D&CLIENT_PHPVER=7.2.34&NGINX=Y&dbv=5.7.21&instm=main%2C20.0.650%2CY%3Blearning%2C17.5.1%2CN%3Bhighloadblock%2C20.0.100%2CN%3Bbitrix.siteinfoportal%2C15.5.0%2CN%3Bfileman%2C18.5.700%2CN%3Bphotogallery%2C20.0.0%2CN%3Brest%2C20.0.150%2CN%3Bvote%2C20.0.100%2CN%3Bbitrix.sitecorporate%2C15.5.0%2CN%3Bblog%2C20.0.0%2CN%3Bwebservice%2C18.0.0%2CN%3Breport%2C19.0.200%2CN%3Bsupport%2C16.0.0%2CN%3Bsubscribe%2C20.0.0%2CN%3Bstatistic%2C18.5.0%2CN%3Bmail%2C20.0.450%2CN%3Blanding%2C20.2.0%2CN%3Bmobileapp%2C19.0.200%2CN%3Bwiki%2C20.0.0%2CN%3Biblock%2C20.0.350%2CN%3Bworkflow%2C18.5.0%2CN%3Bim%2C19.0.850%2CN%3Bcurrency%2C19.0.100%2CN%3Bform%2C18.0.0%2CN%3Badvertising%2C20.0.0%2CN%3Bcompression%2C19.0.0%2CN%3Bbizprocdesigner%2C19.0.200%2CN%3Bpull%2C19.0.300%2CN%3Bsocialnetwork%2C20.0.250%2CN%3Bcalendar%2C19.0.600%2CN%3Bbitrixcloud%2C20.0.0%2CN%3Bsecurity%2C19.0.0%2CN%3Bbitrix.sitecommunity%2C15.5.0%2CN%3Bbitrix.eshop%2C20.5.0%2CN%3Blists%2C20.0.0%2CN%3Bui%2C20.0.200%2CN%3Babtest%2C18.5.0%2CN%3Bconversion%2C18.5.1%2CN%3Bforum%2C20.0.100%2CN%3Bsocialservices%2C19.0.200%2CN%3Bb24connector%2C18.5.0%2CN%3Bcatalog%2C20.0.0%2CN%3Bsberbank.ecom2%2C1.3.6%2CN%3Bclouds%2C20.0.0%2CN%3Bstoreassist%2C18.1.0%2CN%3Bsender%2C19.0.700%2CN%3Bmessageservice%2C20.0.0%2CN%3Bidea%2C17.5.1%2CN%3Bscale%2C17.5.0%2CN%3Bsearch%2C18.5.200%2CN%3Bperfmon%2C20.0.0%2CN%3Bseo%2C20.0.0%2CN%3Btranslate%2C19.0.100%2CN%3Bsale%2C20.0.275%2CN%3Bbizproc%2C20.0.200%2CN%3Bbitrix.sitepersonal%2C15.5.0%2CN&reqm=bitrix.eshop%2Csberbank.ecom2&lim=Y&SUPD_SRS=RU&SUPD_CMP=N
2023-04-03 12:29:36 -  - exec CUpdateClientPartner::GetHTTPPage
2023-04-03 12:29:36 -  - TIME LoadModulesUpdates(request) 0.24 sec
2023-04-03 12:29:36 -  - exec CUpdateClientPartner::ParseServerData
2023-04-03 12:29:36 - S - STEP
2023-04-03 12:29:36 - LMU01 - LoadModulesUpdates-Step
2023-04-03 12:29:36 -  - exec CUpdateClientPartner::LoadModulesUpdates
2023-04-03 12:29:36 -  - exec CUpdateClientPartner::ParseServerData
2023-04-03 12:29:36 -  - loadFile
2023-04-03 12:29:37 - U - RETURN
2023-04-03 12:29:37 -  - exec CUpdateClientPartner::UnGzipArchive
2023-04-03 12:29:37 -  - TIME UnGzipArchive 0.003 sec
2023-04-03 12:29:37 -  - TIME UpdateStepModules 0.004 sec
2023-04-03 12:29:37 - UPD_SUCCESS - Updated: sberbank.ecom2 (1.3.7)<br>-Реализована функция автоматической отмены заказа при получении коллбека с статусом declinedByTimeout, при необходимости, ее можно отключить в настройках модуля на странице <site_url>/bitrix/admin/settings.php?lang=ru&mid=sberbank.ecom2
2023-04-03 12:29:37 -  - exec CUpdateClientPartner::LoadModulesUpdates
2023-04-03 12:29:37 -  - exec CUpdateClientPartner::__CollectRequestData
2023-04-03 12:29:37 -  - utf=Y&lang=ru&stable=Y&CANGZIP=Y&SUPD_DBS=MYSQL&XE=N&CLIENT_SITE=xxx00bcz.beget.tech&LICENSE_KEY=X&SUPD_STS=1&SUPD_URS=0&SUPD_URSA=1&TYPENC=D&CLIENT_PHPVER=7.2.34&NGINX=Y&dbv=5.7.21&instm=main%2C20.0.650%2CY%3Blearning%2C17.5.1%2CN%3Bhighloadblock%2C20.0.100%2CN%3Bbitrix.siteinfoportal%2C15.5.0%2CN%3Bfileman%2C18.5.700%2CN%3Bphotogallery%2C20.0.0%2CN%3Brest%2C20.0.150%2CN%3Bvote%2C20.0.100%2CN%3Bbitrix.sitecorporate%2C15.5.0%2CN%3Bblog%2C20.0.0%2CN%3Bwebservice%2C18.0.0%2CN%3Breport%2C19.0.200%2CN%3Bsupport%2C16.0.0%2CN%3Bsubscribe%2C20.0.0%2CN%3Bstatistic%2C18.5.0%2CN%3Bmail%2C20.0.450%2CN%3Blanding%2C20.2.0%2CN%3Bmobileapp%2C19.0.200%2CN%3Bwiki%2C20.0.0%2CN%3Biblock%2C20.0.350%2CN%3Bworkflow%2C18.5.0%2CN%3Bim%2C19.0.850%2CN%3Bcurrency%2C19.0.100%2CN%3Bform%2C18.0.0%2CN%3Badvertising%2C20.0.0%2CN%3Bcompression%2C19.0.0%2CN%3Bbizprocdesigner%2C19.0.200%2CN%3Bpull%2C19.0.300%2CN%3Bsocialnetwork%2C20.0.250%2CN%3Bcalendar%2C19.0.600%2CN%3Bbitrixcloud%2C20.0.0%2CN%3Bsecurity%2C19.0.0%2CN%3Bbitrix.sitecommunity%2C15.5.0%2CN%3Bbitrix.eshop%2C20.5.0%2CN%3Blists%2C20.0.0%2CN%3Bui%2C20.0.200%2CN%3Babtest%2C18.5.0%2CN%3Bconversion%2C18.5.1%2CN%3Bforum%2C20.0.100%2CN%3Bsocialservices%2C19.0.200%2CN%3Bb24connector%2C18.5.0%2CN%3Bcatalog%2C20.0.0%2CN%3Bsberbank.ecom2%2C1.3.7%2CN%3Bclouds%2C20.0.0%2CN%3Bstoreassist%2C18.1.0%2CN%3Bsender%2C19.0.700%2CN%3Bmessageservice%2C20.0.0%2CN%3Bidea%2C17.5.1%2CN%3Bscale%2C17.5.0%2CN%3Bsearch%2C18.5.200%2CN%3Bperfmon%2C20.0.0%2CN%3Bseo%2C20.0.0%2CN%3Btranslate%2C19.0.100%2CN%3Bsale%2C20.0.275%2CN%3Bbizproc%2C20.0.200%2CN%3Bbitrix.sitepersonal%2C15.5.0%2CN&reqm=bitrix.eshop%2Csberbank.ecom2&lim=Y&SUPD_SRS=RU&SUPD_CMP=N
2023-04-03 12:29:37 -  - exec CUpdateClientPartner::GetHTTPPage
2023-04-03 12:29:37 -  - TIME LoadModulesUpdates(request) 0.235 sec
2023-04-03 12:29:37 -  - exec CUpdateClientPartner::ParseServerData
2023-04-03 12:29:37 - S - STEP
2023-04-03 12:29:37 - LMU01 - LoadModulesUpdates-Step
2023-04-03 12:29:37 -  - exec CUpdateClientPartner::LoadModulesUpdates
2023-04-03 12:29:37 -  - exec CUpdateClientPartner::ParseServerData
2023-04-03 12:29:37 -  - loadFile
2023-04-03 12:29:37 - U - RETURN
2023-04-03 12:29:37 -  - exec CUpdateClientPartner::UnGzipArchive
2023-04-03 12:29:37 -  - TIME UnGzipArchive 0.001 sec
2023-04-03 12:29:37 -  - TIME UpdateStepModules 0.001 sec
2023-04-03 12:29:37 - UPD_SUCCESS - Updated: sberbank.ecom2 (1.3.8)<br>-техническое обновление
2023-04-03 12:29:37 -  - exec CUpdateClientPartner::LoadModulesUpdates
2023-04-03 12:29:37 -  - exec CUpdateClientPartner::__CollectRequestData
2023-04-03 12:29:37 -  - utf=Y&lang=ru&stable=Y&CANGZIP=Y&SUPD_DBS=MYSQL&XE=N&CLIENT_SITE=xxx00bcz.beget.tech&LICENSE_KEY=X&SUPD_STS=1&SUPD_URS=0&SUPD_URSA=1&TYPENC=D&CLIENT_PHPVER=7.2.34&NGINX=Y&dbv=5.7.21&instm=main%2C20.0.650%2CY%3Blearning%2C17.5.1%2CN%3Bhighloadblock%2C20.0.100%2CN%3Bbitrix.siteinfoportal%2C15.5.0%2CN%3Bfileman%2C18.5.700%2CN%3Bphotogallery%2C20.0.0%2CN%3Brest%2C20.0.150%2CN%3Bvote%2C20.0.100%2CN%3Bbitrix.sitecorporate%2C15.5.0%2CN%3Bblog%2C20.0.0%2CN%3Bwebservice%2C18.0.0%2CN%3Breport%2C19.0.200%2CN%3Bsupport%2C16.0.0%2CN%3Bsubscribe%2C20.0.0%2CN%3Bstatistic%2C18.5.0%2CN%3Bmail%2C20.0.450%2CN%3Blanding%2C20.2.0%2CN%3Bmobileapp%2C19.0.200%2CN%3Bwiki%2C20.0.0%2CN%3Biblock%2C20.0.350%2CN%3Bworkflow%2C18.5.0%2CN%3Bim%2C19.0.850%2CN%3Bcurrency%2C19.0.100%2CN%3Bform%2C18.0.0%2CN%3Badvertising%2C20.0.0%2CN%3Bcompression%2C19.0.0%2CN%3Bbizprocdesigner%2C19.0.200%2CN%3Bpull%2C19.0.300%2CN%3Bsocialnetwork%2C20.0.250%2CN%3Bcalendar%2C19.0.600%2CN%3Bbitrixcloud%2C20.0.0%2CN%3Bsecurity%2C19.0.0%2CN%3Bbitrix.sitecommunity%2C15.5.0%2CN%3Bbitrix.eshop%2C20.5.0%2CN%3Blists%2C20.0.0%2CN%3Bui%2C20.0.200%2CN%3Babtest%2C18.5.0%2CN%3Bconversion%2C18.5.1%2CN%3Bforum%2C20.0.100%2CN%3Bsocialservices%2C19.0.200%2CN%3Bb24connector%2C18.5.0%2CN%3Bcatalog%2C20.0.0%2CN%3Bsberbank.ecom2%2C1.3.8%2CN%3Bclouds%2C20.0.0%2CN%3Bstoreassist%2C18.1.0%2CN%3Bsender%2C19.0.700%2CN%3Bmessageservice%2C20.0.0%2CN%3Bidea%2C17.5.1%2CN%3Bscale%2C17.5.0%2CN%3Bsearch%2C18.5.200%2CN%3Bperfmon%2C20.0.0%2CN%3Bseo%2C20.0.0%2CN%3Btranslate%2C19.0.100%2CN%3Bsale%2C20.0.275%2CN%3Bbizproc%2C20.0.200%2CN%3Bbitrix.sitepersonal%2C15.5.0%2CN&reqm=bitrix.eshop%2Csberbank.ecom2&lim=Y&SUPD_SRS=RU&SUPD_CMP=N
2023-04-03 12:29:37 -  - exec CUpdateClientPartner::GetHTTPPage
2023-04-03 12:29:38 -  - TIME LoadModulesUpdates(request) 0.265 sec
2023-04-03 12:29:38 -  - exec CUpdateClientPartner::ParseServerData
2023-04-03 12:29:38 - S - STEP
2023-04-03 12:29:38 - LMU01 - LoadModulesUpdates-Step
2023-04-03 12:29:38 -  - exec CUpdateClientPartner::LoadModulesUpdates
2023-04-03 12:29:38 -  - exec CUpdateClientPartner::ParseServerData
2023-04-03 12:29:38 -  - loadFile
2023-04-03 12:29:38 - U - RETURN
2023-04-03 12:29:38 -  - exec CUpdateClientPartner::UnGzipArchive
2023-04-03 12:29:38 -  - TIME UnGzipArchive 0.002 sec
2023-04-03 12:29:38 -  - TIME UpdateStepModules 0.002 sec
2023-04-03 12:29:38 - UPD_SUCCESS - Updated: sberbank.ecom2 (1.3.9)<br>-техническое обновление
2023-04-03 12:29:38 -  - exec CUpdateClientPartner::LoadModulesUpdates
2023-04-03 12:29:38 -  - exec CUpdateClientPartner::__CollectRequestData
2023-04-03 12:29:38 -  - utf=Y&lang=ru&stable=Y&CANGZIP=Y&SUPD_DBS=MYSQL&XE=N&CLIENT_SITE=xxx00bcz.beget.tech&LICENSE_KEY=X&SUPD_STS=1&SUPD_URS=0&SUPD_URSA=1&TYPENC=D&CLIENT_PHPVER=7.2.34&NGINX=Y&dbv=5.7.21&instm=main%2C20.0.650%2CY%3Blearning%2C17.5.1%2CN%3Bhighloadblock%2C20.0.100%2CN%3Bbitrix.siteinfoportal%2C15.5.0%2CN%3Bfileman%2C18.5.700%2CN%3Bphotogallery%2C20.0.0%2CN%3Brest%2C20.0.150%2CN%3Bvote%2C20.0.100%2CN%3Bbitrix.sitecorporate%2C15.5.0%2CN%3Bblog%2C20.0.0%2CN%3Bwebservice%2C18.0.0%2CN%3Breport%2C19.0.200%2CN%3Bsupport%2C16.0.0%2CN%3Bsubscribe%2C20.0.0%2CN%3Bstatistic%2C18.5.0%2CN%3Bmail%2C20.0.450%2CN%3Blanding%2C20.2.0%2CN%3Bmobileapp%2C19.0.200%2CN%3Bwiki%2C20.0.0%2CN%3Biblock%2C20.0.350%2CN%3Bworkflow%2C18.5.0%2CN%3Bim%2C19.0.850%2CN%3Bcurrency%2C19.0.100%2CN%3Bform%2C18.0.0%2CN%3Badvertising%2C20.0.0%2CN%3Bcompression%2C19.0.0%2CN%3Bbizprocdesigner%2C19.0.200%2CN%3Bpull%2C19.0.300%2CN%3Bsocialnetwork%2C20.0.250%2CN%3Bcalendar%2C19.0.600%2CN%3Bbitrixcloud%2C20.0.0%2CN%3Bsecurity%2C19.0.0%2CN%3Bbitrix.sitecommunity%2C15.5.0%2CN%3Bbitrix.eshop%2C20.5.0%2CN%3Blists%2C20.0.0%2CN%3Bui%2C20.0.200%2CN%3Babtest%2C18.5.0%2CN%3Bconversion%2C18.5.1%2CN%3Bforum%2C20.0.100%2CN%3Bsocialservices%2C19.0.200%2CN%3Bb24connector%2C18.5.0%2CN%3Bcatalog%2C20.0.0%2CN%3Bsberbank.ecom2%2C1.3.9%2CN%3Bclouds%2C20.0.0%2CN%3Bstoreassist%2C18.1.0%2CN%3Bsender%2C19.0.700%2CN%3Bmessageservice%2C20.0.0%2CN%3Bidea%2C17.5.1%2CN%3Bscale%2C17.5.0%2CN%3Bsearch%2C18.5.200%2CN%3Bperfmon%2C20.0.0%2CN%3Bseo%2C20.0.0%2CN%3Btranslate%2C19.0.100%2CN%3Bsale%2C20.0.275%2CN%3Bbizproc%2C20.0.200%2CN%3Bbitrix.sitepersonal%2C15.5.0%2CN&reqm=bitrix.eshop%2Csberbank.ecom2&lim=Y&SUPD_SRS=RU&SUPD_CMP=N
2023-04-03 12:29:38 -  - exec CUpdateClientPartner::GetHTTPPage
2023-04-03 12:29:38 -  - TIME LoadModulesUpdates(request) 0.238 sec
2023-04-03 12:29:38 -  - exec CUpdateClientPartner::ParseServerData
2023-04-03 12:29:38 - LMU005 - [UNAVAIL] Перед установкой обновления вам необходимо обновить модуль 'main'
2023-04-03 12:29:38 - CL02 - [UNAVAIL] Перед установкой обновления вам необходимо обновить модуль 'main'
2023-04-03 12:29:38 - UPD_ERROR - Error: [UNAVAIL] Перед установкой обновления вам необходимо обновить модуль 'main'
2023-04-03 12:29:49 -  - exec CUpdateClientPartner::LoadModulesUpdates
2023-04-03 12:29:49 -  - exec CUpdateClientPartner::__CollectRequestData
2023-04-03 12:29:49 -  - utf=Y&lang=ru&stable=Y&CANGZIP=Y&SUPD_DBS=MYSQL&XE=N&CLIENT_SITE=xxx00bcz.beget.tech&LICENSE_KEY=X&SUPD_STS=1&SUPD_URS=0&SUPD_URSA=1&TYPENC=D&CLIENT_PHPVER=7.2.34&NGINX=Y&dbv=5.7.21&instm=main%2C20.0.650%2CY%3Blearning%2C17.5.1%2CN%3Bhighloadblock%2C20.0.100%2CN%3Bbitrix.siteinfoportal%2C15.5.0%2CN%3Bfileman%2C18.5.700%2CN%3Bphotogallery%2C20.0.0%2CN%3Brest%2C20.0.150%2CN%3Bvote%2C20.0.100%2CN%3Bbitrix.sitecorporate%2C15.5.0%2CN%3Bblog%2C20.0.0%2CN%3Bwebservice%2C18.0.0%2CN%3Breport%2C19.0.200%2CN%3Bsupport%2C16.0.0%2CN%3Bsubscribe%2C20.0.0%2CN%3Bstatistic%2C18.5.0%2CN%3Bmail%2C20.0.450%2CN%3Blanding%2C20.2.0%2CN%3Bmobileapp%2C19.0.200%2CN%3Bwiki%2C20.0.0%2CN%3Biblock%2C20.0.350%2CN%3Bworkflow%2C18.5.0%2CN%3Bim%2C19.0.850%2CN%3Bcurrency%2C19.0.100%2CN%3Bform%2C18.0.0%2CN%3Badvertising%2C20.0.0%2CN%3Bcompression%2C19.0.0%2CN%3Bbizprocdesigner%2C19.0.200%2CN%3Bpull%2C19.0.300%2CN%3Bsocialnetwork%2C20.0.250%2CN%3Bcalendar%2C19.0.600%2CN%3Bbitrixcloud%2C20.0.0%2CN%3Bsecurity%2C19.0.0%2CN%3Bbitrix.sitecommunity%2C15.5.0%2CN%3Bbitrix.eshop%2C20.5.0%2CN%3Blists%2C20.0.0%2CN%3Bui%2C20.0.200%2CN%3Babtest%2C18.5.0%2CN%3Bconversion%2C18.5.1%2CN%3Bforum%2C20.0.100%2CN%3Bsocialservices%2C19.0.200%2CN%3Bb24connector%2C18.5.0%2CN%3Bcatalog%2C20.0.0%2CN%3Bsberbank.ecom2%2C1.3.9%2CN%3Bclouds%2C20.0.0%2CN%3Bstoreassist%2C18.1.0%2CN%3Bsender%2C19.0.700%2CN%3Bmessageservice%2C20.0.0%2CN%3Bidea%2C17.5.1%2CN%3Bscale%2C17.5.0%2CN%3Bsearch%2C18.5.200%2CN%3Bperfmon%2C20.0.0%2CN%3Bseo%2C20.0.0%2CN%3Btranslate%2C19.0.100%2CN%3Bsale%2C20.0.275%2CN%3Bbizproc%2C20.0.200%2CN%3Bbitrix.sitepersonal%2C15.5.0%2CN&reqm=sberbank.ecom2&lim=Y&SUPD_SRS=RU&SUPD_CMP=N
2023-04-03 12:29:49 -  - exec CUpdateClientPartner::GetHTTPPage
2023-04-03 12:29:49 -  - TIME LoadModulesUpdates(request) 0.239 sec
2023-04-03 12:29:49 -  - exec CUpdateClientPartner::ParseServerData
2023-04-03 12:29:49 - STEP - Finish - NOUPDATES
2023-04-03 12:29:49 - STEP - Finish - NOUPDATES
2023-04-03 12:29:52 -  - exec CUpdateClientPartner::GetUpdatesList
2023-04-03 12:29:52 -  - exec CUpdateClientPartner::__CollectRequestData
2023-04-03 12:29:52 -  - utf=Y&lang=ru&stable=Y&CANGZIP=Y&SUPD_DBS=MYSQL&XE=N&CLIENT_SITE=xxx00bcz.beget.tech&LICENSE_KEY=X&SUPD_STS=1&SUPD_URS=0&SUPD_URSA=1&TYPENC=D&CLIENT_PHPVER=7.2.34&NGINX=Y&dbv=5.7.21&instm=main%2C20.0.650%2CY%3Blearning%2C17.5.1%2CN%3Bhighloadblock%2C20.0.100%2CN%3Bbitrix.siteinfoportal%2C15.5.0%2CN%3Bfileman%2C18.5.700%2CN%3Bphotogallery%2C20.0.0%2CN%3Brest%2C20.0.150%2CN%3Bvote%2C20.0.100%2CN%3Bbitrix.sitecorporate%2C15.5.0%2CN%3Bblog%2C20.0.0%2CN%3Bwebservice%2C18.0.0%2CN%3Breport%2C19.0.200%2CN%3Bsupport%2C16.0.0%2CN%3Bsubscribe%2C20.0.0%2CN%3Bstatistic%2C18.5.0%2CN%3Bmail%2C20.0.450%2CN%3Blanding%2C20.2.0%2CN%3Bmobileapp%2C19.0.200%2CN%3Bwiki%2C20.0.0%2CN%3Biblock%2C20.0.350%2CN%3Bworkflow%2C18.5.0%2CN%3Bim%2C19.0.850%2CN%3Bcurrency%2C19.0.100%2CN%3Bform%2C18.0.0%2CN%3Badvertising%2C20.0.0%2CN%3Bcompression%2C19.0.0%2CN%3Bbizprocdesigner%2C19.0.200%2CN%3Bpull%2C19.0.300%2CN%3Bsocialnetwork%2C20.0.250%2CN%3Bcalendar%2C19.0.600%2CN%3Bbitrixcloud%2C20.0.0%2CN%3Bsecurity%2C19.0.0%2CN%3Bbitrix.sitecommunity%2C15.5.0%2CN%3Bbitrix.eshop%2C20.5.0%2CN%3Blists%2C20.0.0%2CN%3Bui%2C20.0.200%2CN%3Babtest%2C18.5.0%2CN%3Bconversion%2C18.5.1%2CN%3Bforum%2C20.0.100%2CN%3Bsocialservices%2C19.0.200%2CN%3Bb24connector%2C18.5.0%2CN%3Bcatalog%2C20.0.0%2CN%3Bsberbank.ecom2%2C1.3.9%2CN%3Bclouds%2C20.0.0%2CN%3Bstoreassist%2C18.1.0%2CN%3Bsender%2C19.0.700%2CN%3Bmessageservice%2C20.0.0%2CN%3Bidea%2C17.5.1%2CN%3Bscale%2C17.5.0%2CN%3Bsearch%2C18.5.200%2CN%3Bperfmon%2C20.0.0%2CN%3Bseo%2C20.0.0%2CN%3Btranslate%2C19.0.100%2CN%3Bsale%2C20.0.275%2CN%3Bbizproc%2C20.0.200%2CN%3Bbitrix.sitepersonal%2C15.5.0%2CN&reqm=bitrix.siteinfoportal%2Cbitrix.sitecorporate%2Cbitrix.sitecommunity%2Cbitrix.eshop%2Csberbank.ecom2%2Cbitrix.sitepersonal&fullmoduleinfo=Y&SUPD_SRS=RU&SUPD_CMP=N
2023-04-03 12:29:52 -  - exec CUpdateClientPartner::GetHTTPPage
2023-04-03 12:29:53 -  - TIME GetUpdatesList(request) 0.237 sec
2023-04-03 12:29:53 -  - exec CUpdateClientPartner::ParseServerData
2023-04-03 12:29:53 -  - exec CUpdateClientPartner::GetUpdatesList
2023-04-03 12:29:53 -  - exec CUpdateClientPartner::__CollectRequestData
2023-04-03 12:29:53 -  - utf=Y&lang=ru&stable=Y&CANGZIP=Y&SUPD_DBS=MYSQL&XE=N&CLIENT_SITE=xxx00bcz.beget.tech&LICENSE_KEY=X&SUPD_STS=1&SUPD_URS=0&SUPD_URSA=1&TYPENC=D&CLIENT_PHPVER=7.2.34&NGINX=Y&dbv=5.7.21&instm=main%2C20.0.650%2CY%3Blearning%2C17.5.1%2CN%3Bhighloadblock%2C20.0.100%2CN%3Bbitrix.siteinfoportal%2C15.5.0%2CN%3Bfileman%2C18.5.700%2CN%3Bphotogallery%2C20.0.0%2CN%3Brest%2C20.0.150%2CN%3Bvote%2C20.0.100%2CN%3Bbitrix.sitecorporate%2C15.5.0%2CN%3Bblog%2C20.0.0%2CN%3Bwebservice%2C18.0.0%2CN%3Breport%2C19.0.200%2CN%3Bsupport%2C16.0.0%2CN%3Bsubscribe%2C20.0.0%2CN%3Bstatistic%2C18.5.0%2CN%3Bmail%2C20.0.450%2CN%3Blanding%2C20.2.0%2CN%3Bmobileapp%2C19.0.200%2CN%3Bwiki%2C20.0.0%2CN%3Biblock%2C20.0.350%2CN%3Bworkflow%2C18.5.0%2CN%3Bim%2C19.0.850%2CN%3Bcurrency%2C19.0.100%2CN%3Bform%2C18.0.0%2CN%3Badvertising%2C20.0.0%2CN%3Bcompression%2C19.0.0%2CN%3Bbizprocdesigner%2C19.0.200%2CN%3Bpull%2C19.0.300%2CN%3Bsocialnetwork%2C20.0.250%2CN%3Bcalendar%2C19.0.600%2CN%3Bbitrixcloud%2C20.0.0%2CN%3Bsecurity%2C19.0.0%2CN%3Bbitrix.sitecommunity%2C15.5.0%2CN%3Bbitrix.eshop%2C20.5.0%2CN%3Blists%2C20.0.0%2CN%3Bui%2C20.0.200%2CN%3Babtest%2C18.5.0%2CN%3Bconversion%2C18.5.1%2CN%3Bforum%2C20.0.100%2CN%3Bsocialservices%2C19.0.200%2CN%3Bb24connector%2C18.5.0%2CN%3Bcatalog%2C20.0.0%2CN%3Bsberbank.ecom2%2C1.3.9%2CN%3Bclouds%2C20.0.0%2CN%3Bstoreassist%2C18.1.0%2CN%3Bsender%2C19.0.700%2CN%3Bmessageservice%2C20.0.0%2CN%3Bidea%2C17.5.1%2CN%3Bscale%2C17.5.0%2CN%3Bsearch%2C18.5.200%2CN%3Bperfmon%2C20.0.0%2CN%3Bseo%2C20.0.0%2CN%3Btranslate%2C19.0.100%2CN%3Bsale%2C20.0.275%2CN%3Bbizproc%2C20.0.200%2CN%3Bbitrix.sitepersonal%2C15.5.0%2CN&reqm=bitrix.siteinfoportal%2Cbitrix.sitecorporate%2Cbitrix.sitecommunity%2Cbitrix.eshop%2Csberbank.ecom2%2Cbitrix.sitepersonal&fullmoduleinfo=Y&SUPD_SRS=RU&SUPD_CMP=N
2023-04-03 12:29:53 -  - exec CUpdateClientPartner::GetHTTPPage
2023-04-03 12:29:53 -  - TIME GetUpdatesList(request) 0.244 sec
2023-04-03 12:29:53 -  - exec CUpdateClientPartner::ParseServerData
2023-04-03 13:45:33 -  - exec CUpdateClientPartner::GetUpdatesList
2023-04-03 13:45:33 -  - exec CUpdateClientPartner::__CollectRequestData
2023-04-03 13:45:33 -  - utf=Y&lang=ru&stable=Y&CANGZIP=Y&SUPD_DBS=MYSQL&XE=N&CLIENT_SITE=xxx00bcz.beget.tech&LICENSE_KEY=X&SUPD_STS=1&SUPD_URS=0&SUPD_URSA=1&TYPENC=D&CLIENT_PHPVER=7.2.34&NGINX=Y&dbv=5.7.21&instm=main%2C20.0.650%2CY%3Blearning%2C17.5.1%2CN%3Bhighloadblock%2C20.0.100%2CN%3Bbitrix.siteinfoportal%2C15.5.0%2CN%3Bfileman%2C18.5.700%2CN%3Bphotogallery%2C20.0.0%2CN%3Brest%2C20.0.150%2CN%3Bvote%2C20.0.100%2CN%3Bbitrix.sitecorporate%2C15.5.0%2CN%3Bblog%2C20.0.0%2CN%3Bwebservice%2C18.0.0%2CN%3Breport%2C19.0.200%2CN%3Bsupport%2C16.0.0%2CN%3Bsubscribe%2C20.0.0%2CN%3Bstatistic%2C18.5.0%2CN%3Bmail%2C20.0.450%2CN%3Blanding%2C20.2.0%2CN%3Bmobileapp%2C19.0.200%2CN%3Bwiki%2C20.0.0%2CN%3Biblock%2C20.0.350%2CN%3Bworkflow%2C18.5.0%2CN%3Bim%2C19.0.850%2CN%3Bcurrency%2C19.0.100%2CN%3Bform%2C18.0.0%2CN%3Badvertising%2C20.0.0%2CN%3Bcompression%2C19.0.0%2CN%3Bbizprocdesigner%2C19.0.200%2CN%3Bpull%2C19.0.300%2CN%3Bsocialnetwork%2C20.0.250%2CN%3Bcalendar%2C19.0.600%2CN%3Bbitrixcloud%2C20.0.0%2CN%3Bsecurity%2C19.0.0%2CN%3Bbitrix.sitecommunity%2C15.5.0%2CN%3Bbitrix.eshop%2C20.5.0%2CN%3Blists%2C20.0.0%2CN%3Bui%2C20.0.200%2CN%3Babtest%2C18.5.0%2CN%3Bconversion%2C18.5.1%2CN%3Bforum%2C20.0.100%2CN%3Bsocialservices%2C19.0.200%2CN%3Bb24connector%2C18.5.0%2CN%3Bcatalog%2C20.0.0%2CN%3Bsberbank.ecom2%2C1.3.9%2CN%3Bclouds%2C20.0.0%2CN%3Bstoreassist%2C18.1.0%2CN%3Bsender%2C19.0.700%2CN%3Bmessageservice%2C20.0.0%2CN%3Bidea%2C17.5.1%2CN%3Bscale%2C17.5.0%2CN%3Bsearch%2C18.5.200%2CN%3Bperfmon%2C20.0.0%2CN%3Bseo%2C20.0.0%2CN%3Btranslate%2C19.0.100%2CN%3Bsale%2C20.0.275%2CN%3Bbizproc%2C20.0.200%2CN%3Bbitrix.sitepersonal%2C15.5.0%2CN&reqm=bitrix.siteinfoportal%2Cbitrix.sitecorporate%2Cbitrix.sitecommunity%2Cbitrix.eshop%2Csberbank.ecom2%2Cbitrix.sitepersonal%2Citsagency.sbersbp&SUPD_SRS=RU&SUPD_CMP=N
2023-04-03 13:45:33 -  - exec CUpdateClientPartner::GetHTTPPage
2023-04-03 13:45:33 -  - TIME GetUpdatesList(request) 0.42 sec
2023-04-03 13:45:33 -  - exec CUpdateClientPartner::ParseServerData
